# JRE version: Java(TM) SE Runtime Environment (8.0_11-b12) (build 1.8.0_11-b12)
# Java VM: Java HotSpot(TM) 64-Bit Server VM (25.11-b03 mixed mode bsd-amd64 compressed oops)
Heap:
 PSYoungGen      total 5632K, used 3385K [0x0000000795580000, 0x0000000795c80000, 0x00000007c0000000)
  eden space 4096K, 56% used [0x0000000795580000,0x00000007957c0468,0x0000000795980000)
  from space 1536K, 70% used [0x0000000795b00000,0x0000000795c0e158,0x0000000795c80000)
  to   space 1536K, 0% used [0x0000000795980000,0x0000000795980000,0x0000000795b00000)
 ParOldGen       total 129536K, used 1238K [0x0000000740000000, 0x0000000747e80000, 0x0000000795580000)
  object space 129536K, 0% used [0x0000000740000000,0x0000000740135a68,0x0000000747e80000)
 Metaspace       used 7869K, capacity 8007K, committed 8064K, reserved 1056768K
  class space    used 820K, capacity 882K, committed 896K, reserved 1048576K
GC Heap History (10 events):
Event: 0.715 GC heap before
{Heap before GC invocations=4 (full 0):
 PSYoungGen      total 1024K, used 1022K [0x0000000795580000, 0x0000000795780000, 0x00000007c0000000)
  eden space 512K, 99% used [0x0000000795580000,0x00000007955ff8c8,0x0000000795600000)
  from space 512K, 100% used [0x0000000795600000,0x0000000795680000,0x0000000795680000)
  to   space 512K, 0% used [0x0000000795700000,0x0000000795700000,0x0000000795780000)
 ParOldGen       total 129536K, used 188K [0x0000000740000000, 0x0000000747e80000, 0x0000000795580000)
  object space 129536K, 0% used [0x0000000740000000,0x000000074002f368,0x0000000747e80000)
 Metaspace       used 4361K, capacity 4864K, committed 5120K, reserved 1056768K
  class space    used 474K, capacity 496K, committed 512K, reserved 1048576K
Event: 0.718 GC heap after
Heap after GC invocations=4 (full 0):
 PSYoungGen      total 1536K, used 480K [0x0000000795580000, 0x0000000795780000, 0x00000007c0000000)
  eden space 1024K, 0% used [0x0000000795580000,0x0000000795580000,0x0000000795680000)
  from space 512K, 93% used [0x0000000795700000,0x0000000795778020,0x0000000795780000)
  to   space 512K, 0% used [0x0000000795680000,0x0000000795680000,0x0000000795700000)
 ParOldGen       total 129536K, used 455K [0x0000000740000000, 0x0000000747e80000, 0x0000000795580000)
  object space 129536K, 0% used [0x0000000740000000,0x0000000740071cf0,0x0000000747e80000)
 Metaspace       used 4361K, capacity 4864K, committed 5120K, reserved 1056768K
  class space    used 474K, capacity 496K, committed 512K, reserved 1048576K
}
Event: 0.764 GC heap before
{Heap before GC invocations=5 (full 0):
 PSYoungGen      total 1536K, used 1504K [0x0000000795580000, 0x0000000795780000, 0x00000007c0000000)
  eden space 1024K, 100% used [0x0000000795580000,0x0000000795680000,0x0000000795680000)
  from space 512K, 93% used [0x0000000795700000,0x0000000795778020,0x0000000795780000)
  to   space 512K, 0% used [0x0000000795680000,0x0000000795680000,0x0000000795700000)
 ParOldGen       total 129536K, used 455K [0x0000000740000000, 0x0000000747e80000, 0x0000000795580000)
  object space 129536K, 0% used [0x0000000740000000,0x0000000740071cf0,0x0000000747e80000)
 Metaspace       used 4925K, capacity 5102K, committed 5248K, reserved 1056768K
  class space    used 557K, capacity 583K, committed 640K, reserved 1048576K
Event: 0.767 GC heap after
Heap after GC invocations=5 (full 0):
 PSYoungGen      total 1536K, used 480K [0x0000000795580000, 0x0000000795980000, 0x00000007c0000000)
  eden space 1024K, 0% used [0x0000000795580000,0x0000000795580000,0x0000000795680000)
  from space 512K, 93% used [0x0000000795680000,0x00000007956f8020,0x0000000795700000)
  to   space 1024K, 0% used [0x0000000795880000,0x0000000795880000,0x0000000795980000)
 ParOldGen       total 129536K, used 718K [0x0000000740000000, 0x0000000747e80000, 0x0000000795580000)
  object space 129536K, 0% used [0x0000000740000000,0x00000007400b39f8,0x0000000747e80000)
 Metaspace       used 4925K, capacity 5102K, committed 5248K, reserved 1056768K
  class space    used 557K, capacity 583K, committed 640K, reserved 1048576K
}
Event: 0.987 GC heap before
{Heap before GC invocations=6 (full 0):
 PSYoungGen      total 1536K, used 1431K [0x0000000795580000, 0x0000000795980000, 0x00000007c0000000)
  eden space 1024K, 92% used [0x0000000795580000,0x000000079566dd38,0x0000000795680000)
  from space 512K, 93% used [0x0000000795680000,0x00000007956f8020,0x0000000795700000)
  to   space 1024K, 0% used [0x0000000795880000,0x0000000795880000,0x0000000795980000)
 ParOldGen       total 129536K, used 718K [0x0000000740000000, 0x0000000747e80000, 0x0000000795580000)
  object space 129536K, 0% used [0x0000000740000000,0x00000007400b39f8,0x0000000747e80000)
 Metaspace       used 5382K, capacity 5508K, committed 5632K, reserved 1056768K
  class space    used 612K, capacity 658K, committed 768K, reserved 1048576K
Event: 0.989 GC heap after
Heap after GC invocations=6 (full 0):
 PSYoungGen      total 3072K, used 879K [0x0000000795580000, 0x0000000795980000, 0x00000007c0000000)
  eden space 2048K, 0% used [0x0000000795580000,0x0000000795580000,0x0000000795780000)
  from space 1024K, 85% used [0x0000000795880000,0x000000079595bc20,0x0000000795980000)
  to   space 1024K, 0% used [0x0000000795780000,0x0000000795780000,0x0000000795880000)
 ParOldGen       total 129536K, used 726K [0x0000000740000000, 0x0000000747e80000, 0x0000000795580000)
  object space 129536K, 0% used [0x0000000740000000,0x00000007400b59f8,0x0000000747e80000)
 Metaspace       used 5382K, capacity 5508K, committed 5632K, reserved 1056768K
  class space    used 612K, capacity 658K, committed 768K, reserved 1048576K
}
Event: 1.276 GC heap before
{Heap before GC invocations=7 (full 0):
 PSYoungGen      total 3072K, used 2921K [0x0000000795580000, 0x0000000795980000, 0x00000007c0000000)
  eden space 2048K, 99% used [0x0000000795580000,0x000000079577e860,0x0000000795780000)
  from space 1024K, 85% used [0x0000000795880000,0x000000079595bc20,0x0000000795980000)
  to   space 1024K, 0% used [0x0000000795780000,0x0000000795780000,0x0000000795880000)
 ParOldGen       total 129536K, used 726K [0x0000000740000000, 0x0000000747e80000, 0x0000000795580000)
  object space 129536K, 0% used [0x0000000740000000,0x00000007400b59f8,0x0000000747e80000)
 Metaspace       used 6387K, capacity 6471K, committed 6656K, reserved 1056768K
  class space    used 654K, capacity 690K, committed 768K, reserved 1048576K
Event: 1.279 GC heap after
Heap after GC invocations=7 (full 0):
 PSYoungGen      total 3072K, used 1003K [0x0000000795580000, 0x0000000795c80000, 0x00000007c0000000)
  eden space 2048K, 0% used [0x0000000795580000,0x0000000795580000,0x0000000795780000)
  from space 1024K, 97% used [0x0000000795780000,0x000000079587ad30,0x0000000795880000)
  to   space 1536K, 0% used [0x0000000795b00000,0x0000000795b00000,0x0000000795c80000)
 ParOldGen       total 129536K, used 1054K [0x0000000740000000, 0x0000000747e80000, 0x0000000795580000)
  object space 129536K, 0% used [0x0000000740000000,0x0000000740107a48,0x0000000747e80000)
 Metaspace       used 6387K, capacity 6471K, committed 6656K, reserved 1056768K
  class space    used 654K, capacity 690K, committed 768K, reserved 1048576K
}
Event: 1.491 GC heap before
{Heap before GC invocations=8 (full 0):
 PSYoungGen      total 3072K, used 3051K [0x0000000795580000, 0x0000000795c80000, 0x00000007c0000000)
  eden space 2048K, 100% used [0x0000000795580000,0x0000000795780000,0x0000000795780000)
  from space 1024K, 97% used [0x0000000795780000,0x000000079587ad30,0x0000000795880000)
  to   space 1536K, 0% used [0x0000000795b00000,0x0000000795b00000,0x0000000795c80000)
 ParOldGen       total 129536K, used 1054K [0x0000000740000000, 0x0000000747e80000, 0x0000000795580000)
  object space 129536K, 0% used [0x0000000740000000,0x0000000740107a48,0x0000000747e80000)
 Metaspace       used 7738K, capacity 7847K, committed 8064K, reserved 1056768K
  class space    used 810K, capacity 850K, committed 896K, reserved 1048576K
Event: 1.494 GC heap after
Heap after GC invocations=8 (full 0):
 PSYoungGen      total 5632K, used 1080K [0x0000000795580000, 0x0000000795c80000, 0x00000007c0000000)
  eden space 4096K, 0% used [0x0000000795580000,0x0000000795580000,0x0000000795980000)
  from space 1536K, 70% used [0x0000000795b00000,0x0000000795c0e158,0x0000000795c80000)
  to   space 1536K, 0% used [0x0000000795980000,0x0000000795980000,0x0000000795b00000)
 ParOldGen       total 129536K, used 1238K [0x0000000740000000, 0x0000000747e80000, 0x0000000795580000)
  object space 129536K, 0% used [0x0000000740000000,0x0000000740135a68,0x0000000747e80000)
 Metaspace       used 7738K, capacity 7847K, committed 8064K, reserved 1056768K
  class space    used 810K, capacity 850K, committed 896K, reserved 1048576K
}

