# JRE version: Java(TM) SE Runtime Environment (8.0_11-b12) (build 1.8.0_11-b12)
# Java VM: Java HotSpot(TM) 64-Bit Server VM (25.11-b03 mixed mode bsd-amd64 compressed oops)
Heap:
 PSYoungGen      total 5632K, used 2757K [0x0000000795580000, 0x0000000795c80000, 0x00000007c0000000)
  eden space 4096K, 35% used [0x0000000795580000,0x00000007956eff68,0x0000000795980000)
  from space 1536K, 83% used [0x0000000795b00000,0x0000000795c41878,0x0000000795c80000)
  to   space 1536K, 0% used [0x0000000795980000,0x0000000795980000,0x0000000795b00000)
 ParOldGen       total 129536K, used 1117K [0x0000000740000000, 0x0000000747e80000, 0x0000000795580000)
  object space 129536K, 0% used [0x0000000740000000,0x00000007401174f8,0x0000000747e80000)
 Metaspace       used 7877K, capacity 8007K, committed 8064K, reserved 1056768K
  class space    used 820K, capacity 882K, committed 896K, reserved 1048576K
GC Heap History (10 events):
Event: 0.946 GC heap before
{Heap before GC invocations=4 (full 0):
 PSYoungGen      total 1024K, used 990K [0x0000000795580000, 0x0000000795780000, 0x00000007c0000000)
  eden space 512K, 99% used [0x0000000795580000,0x00000007955ffa80,0x0000000795600000)
  from space 512K, 93% used [0x0000000795600000,0x0000000795678020,0x0000000795680000)
  to   space 512K, 0% used [0x0000000795700000,0x0000000795700000,0x0000000795780000)
 ParOldGen       total 129536K, used 217K [0x0000000740000000, 0x0000000747e80000, 0x0000000795580000)
  object space 129536K, 0% used [0x0000000740000000,0x0000000740036698,0x0000000747e80000)
 Metaspace       used 4357K, capacity 4864K, committed 5120K, reserved 1056768K
  class space    used 475K, capacity 496K, committed 512K, reserved 1048576K
Event: 0.948 GC heap after
Heap after GC invocations=4 (full 0):
 PSYoungGen      total 1536K, used 480K [0x0000000795580000, 0x0000000795780000, 0x00000007c0000000)
  eden space 1024K, 0% used [0x0000000795580000,0x0000000795580000,0x0000000795680000)
  from space 512K, 93% used [0x0000000795700000,0x0000000795778020,0x0000000795780000)
  to   space 512K, 0% used [0x0000000795680000,0x0000000795680000,0x0000000795700000)
 ParOldGen       total 129536K, used 460K [0x0000000740000000, 0x0000000747e80000, 0x0000000795580000)
  object space 129536K, 0% used [0x0000000740000000,0x0000000740073020,0x0000000747e80000)
 Metaspace       used 4357K, capacity 4864K, committed 5120K, reserved 1056768K
  class space    used 475K, capacity 496K, committed 512K, reserved 1048576K
}
Event: 1.034 GC heap before
{Heap before GC invocations=5 (full 0):
 PSYoungGen      total 1536K, used 1504K [0x0000000795580000, 0x0000000795780000, 0x00000007c0000000)
  eden space 1024K, 100% used [0x0000000795580000,0x0000000795680000,0x0000000795680000)
  from space 512K, 93% used [0x0000000795700000,0x0000000795778020,0x0000000795780000)
  to   space 512K, 0% used [0x0000000795680000,0x0000000795680000,0x0000000795700000)
 ParOldGen       total 129536K, used 460K [0x0000000740000000, 0x0000000747e80000, 0x0000000795580000)
  object space 129536K, 0% used [0x0000000740000000,0x0000000740073020,0x0000000747e80000)
 Metaspace       used 4972K, capacity 5092K, committed 5248K, reserved 1056768K
  class space    used 571K, capacity 626K, committed 640K, reserved 1048576K
Event: 1.047 GC heap after
Heap after GC invocations=5 (full 0):
 PSYoungGen      total 1536K, used 496K [0x0000000795580000, 0x0000000795980000, 0x00000007c0000000)
  eden space 1024K, 0% used [0x0000000795580000,0x0000000795580000,0x0000000795680000)
  from space 512K, 96% used [0x0000000795680000,0x00000007956fc010,0x0000000795700000)
  to   space 1024K, 0% used [0x0000000795880000,0x0000000795880000,0x0000000795980000)
 ParOldGen       total 129536K, used 605K [0x0000000740000000, 0x0000000747e80000, 0x0000000795580000)
  object space 129536K, 0% used [0x0000000740000000,0x00000007400976b8,0x0000000747e80000)
 Metaspace       used 4972K, capacity 5092K, committed 5248K, reserved 1056768K
  class space    used 571K, capacity 626K, committed 640K, reserved 1048576K
}
Event: 1.401 GC heap before
{Heap before GC invocations=6 (full 0):
 PSYoungGen      total 1536K, used 1434K [0x0000000795580000, 0x0000000795980000, 0x00000007c0000000)
  eden space 1024K, 91% used [0x0000000795580000,0x000000079566a880,0x0000000795680000)
  from space 512K, 96% used [0x0000000795680000,0x00000007956fc010,0x0000000795700000)
  to   space 1024K, 0% used [0x0000000795880000,0x0000000795880000,0x0000000795980000)
 ParOldGen       total 129536K, used 605K [0x0000000740000000, 0x0000000747e80000, 0x0000000795580000)
  object space 129536K, 0% used [0x0000000740000000,0x00000007400976b8,0x0000000747e80000)
 Metaspace       used 5388K, capacity 5508K, committed 5632K, reserved 1056768K
  class space    used 614K, capacity 658K, committed 768K, reserved 1048576K
Event: 1.404 GC heap after
Heap after GC invocations=6 (full 0):
 PSYoungGen      total 3072K, used 1007K [0x0000000795580000, 0x0000000795980000, 0x00000007c0000000)
  eden space 2048K, 0% used [0x0000000795580000,0x0000000795580000,0x0000000795780000)
  from space 1024K, 98% used [0x0000000795880000,0x000000079597bc20,0x0000000795980000)
  to   space 1024K, 0% used [0x0000000795780000,0x0000000795780000,0x0000000795880000)
 ParOldGen       total 129536K, used 631K [0x0000000740000000, 0x0000000747e80000, 0x0000000795580000)
  object space 129536K, 0% used [0x0000000740000000,0x000000074009ded8,0x0000000747e80000)
 Metaspace       used 5388K, capacity 5508K, committed 5632K, reserved 1056768K
  class space    used 614K, capacity 658K, committed 768K, reserved 1048576K
}
Event: 1.758 GC heap before
{Heap before GC invocations=7 (full 0):
 PSYoungGen      total 3072K, used 3048K [0x0000000795580000, 0x0000000795980000, 0x00000007c0000000)
  eden space 2048K, 99% used [0x0000000795580000,0x000000079577e568,0x0000000795780000)
  from space 1024K, 98% used [0x0000000795880000,0x000000079597bc20,0x0000000795980000)
  to   space 1024K, 0% used [0x0000000795780000,0x0000000795780000,0x0000000795880000)
 ParOldGen       total 129536K, used 631K [0x0000000740000000, 0x0000000747e80000, 0x0000000795580000)
  object space 129536K, 0% used [0x0000000740000000,0x000000074009ded8,0x0000000747e80000)
 Metaspace       used 6391K, capacity 6471K, committed 6656K, reserved 1056768K
  class space    used 656K, capacity 690K, committed 768K, reserved 1048576K
Event: 1.765 GC heap after
Heap after GC invocations=7 (full 0):
 PSYoungGen      total 3072K, used 1021K [0x0000000795580000, 0x0000000795c80000, 0x00000007c0000000)
  eden space 2048K, 0% used [0x0000000795580000,0x0000000795580000,0x0000000795780000)
  from space 1024K, 99% used [0x0000000795780000,0x000000079587f620,0x0000000795880000)
  to   space 1536K, 0% used [0x0000000795b00000,0x0000000795b00000,0x0000000795c80000)
 ParOldGen       total 129536K, used 1005K [0x0000000740000000, 0x0000000747e80000, 0x0000000795580000)
  object space 129536K, 0% used [0x0000000740000000,0x00000007400fb4e8,0x0000000747e80000)
 Metaspace       used 6391K, capacity 6471K, committed 6656K, reserved 1056768K
  class space    used 656K, capacity 690K, committed 768K, reserved 1048576K
}
Event: 2.072 GC heap before
{Heap before GC invocations=8 (full 0):
 PSYoungGen      total 3072K, used 3069K [0x0000000795580000, 0x0000000795c80000, 0x00000007c0000000)
  eden space 2048K, 100% used [0x0000000795580000,0x0000000795780000,0x0000000795780000)
  from space 1024K, 99% used [0x0000000795780000,0x000000079587f620,0x0000000795880000)
  to   space 1536K, 0% used [0x0000000795b00000,0x0000000795b00000,0x0000000795c80000)
 ParOldGen       total 129536K, used 1005K [0x0000000740000000, 0x0000000747e80000, 0x0000000795580000)
  object space 129536K, 0% used [0x0000000740000000,0x00000007400fb4e8,0x0000000747e80000)
 Metaspace       used 7752K, capacity 7847K, committed 8064K, reserved 1056768K
  class space    used 812K, capacity 850K, committed 896K, reserved 1048576K
Event: 2.084 GC heap after
Heap after GC invocations=8 (full 0):
 PSYoungGen      total 5632K, used 1286K [0x0000000795580000, 0x0000000795c80000, 0x00000007c0000000)
  eden space 4096K, 0% used [0x0000000795580000,0x0000000795580000,0x0000000795980000)
  from space 1536K, 83% used [0x0000000795b00000,0x0000000795c41878,0x0000000795c80000)
  to   space 1536K, 0% used [0x0000000795980000,0x0000000795980000,0x0000000795b00000)
 ParOldGen       total 129536K, used 1117K [0x0000000740000000, 0x0000000747e80000, 0x0000000795580000)
  object space 129536K, 0% used [0x0000000740000000,0x00000007401174f8,0x0000000747e80000)
 Metaspace       used 7752K, capacity 7847K, committed 8064K, reserved 1056768K
  class space    used 812K, capacity 850K, committed 896K, reserved 1048576K
}

