# JRE version: Java(TM) SE Runtime Environment (8.0_11-b12) (build 1.8.0_11-b12)
# Java VM: Java HotSpot(TM) 64-Bit Server VM (25.11-b03 mixed mode bsd-amd64 compressed oops)
Heap:
 PSYoungGen      total 13824K, used 4682K [0x0000000795580000, 0x0000000796c00000, 0x00000007c0000000)
  eden space 11776K, 24% used [0x0000000795580000,0x000000079585fbf0,0x0000000796100000)
  from space 2048K, 84% used [0x0000000796100000,0x00000007962b2fc0,0x0000000796300000)
  to   space 2048K, 0% used [0x0000000796a00000,0x0000000796a00000,0x0000000796c00000)
 ParOldGen       total 129536K, used 46173K [0x0000000740000000, 0x0000000747e80000, 0x0000000795580000)
  object space 129536K, 35% used [0x0000000740000000,0x0000000742d175b0,0x0000000747e80000)
 Metaspace       used 10656K, capacity 10821K, committed 11008K, reserved 1058816K
  class space    used 1137K, capacity 1175K, committed 1280K, reserved 1048576K
GC Heap History (10 events):
Event: 1.643 GC heap before
{Heap before GC invocations=7 (full 0):
 PSYoungGen      total 5632K, used 5294K [0x0000000795580000, 0x0000000795c80000, 0x00000007c0000000)
  eden space 4096K, 99% used [0x0000000795580000,0x000000079597ff80,0x0000000795980000)
  from space 1536K, 78% used [0x0000000795b00000,0x0000000795c2bab0,0x0000000795c80000)
  to   space 1536K, 0% used [0x0000000795980000,0x0000000795980000,0x0000000795b00000)
 ParOldGen       total 129536K, used 995K [0x0000000740000000, 0x0000000747e80000, 0x0000000795580000)
  object space 129536K, 0% used [0x0000000740000000,0x00000007400f8eb8,0x0000000747e80000)
 Metaspace       used 7763K, capacity 7899K, committed 8064K, reserved 1056768K
  class space    used 830K, capacity 884K, committed 896K, reserved 1048576K
Event: 1.662 GC heap after
Heap after GC invocations=7 (full 0):
 PSYoungGen      total 5632K, used 1309K [0x0000000795580000, 0x0000000796080000, 0x00000007c0000000)
  eden space 4096K, 0% used [0x0000000795580000,0x0000000795580000,0x0000000795980000)
  from space 1536K, 85% used [0x0000000795980000,0x0000000795ac7710,0x0000000795b00000)
  to   space 1536K, 0% used [0x0000000795f00000,0x0000000795f00000,0x0000000796080000)
 ParOldGen       total 129536K, used 8115K [0x0000000740000000, 0x0000000747e80000, 0x0000000795580000)
  object space 129536K, 6% used [0x0000000740000000,0x00000007407ecf18,0x0000000747e80000)
 Metaspace       used 7763K, capacity 7899K, committed 8064K, reserved 1056768K
  class space    used 830K, capacity 884K, committed 896K, reserved 1048576K
}
Event: 2.107 GC heap before
{Heap before GC invocations=8 (full 0):
 PSYoungGen      total 5632K, used 5405K [0x0000000795580000, 0x0000000796080000, 0x00000007c0000000)
  eden space 4096K, 100% used [0x0000000795580000,0x0000000795980000,0x0000000795980000)
  from space 1536K, 85% used [0x0000000795980000,0x0000000795ac7710,0x0000000795b00000)
  to   space 1536K, 0% used [0x0000000795f00000,0x0000000795f00000,0x0000000796080000)
 ParOldGen       total 129536K, used 17331K [0x0000000740000000, 0x0000000747e80000, 0x0000000795580000)
  object space 129536K, 13% used [0x0000000740000000,0x00000007410ecf48,0x0000000747e80000)
 Metaspace       used 8831K, capacity 8997K, committed 9216K, reserved 1056768K
  class space    used 962K, capacity 1015K, committed 1024K, reserved 1048576K
Event: 2.111 GC heap after
Heap after GC invocations=8 (full 0):
 PSYoungGen      total 9216K, used 1173K [0x0000000795580000, 0x0000000796180000, 0x00000007c0000000)
  eden space 7680K, 0% used [0x0000000795580000,0x0000000795580000,0x0000000795d00000)
  from space 1536K, 76% used [0x0000000795f00000,0x00000007960255c8,0x0000000796080000)
  to   space 2048K, 0% used [0x0000000795d00000,0x0000000795d00000,0x0000000795f00000)
 ParOldGen       total 129536K, used 17477K [0x0000000740000000, 0x0000000747e80000, 0x0000000795580000)
  object space 129536K, 13% used [0x0000000740000000,0x00000007411115d0,0x0000000747e80000)
 Metaspace       used 8831K, capacity 8997K, committed 9216K, reserved 1056768K
  class space    used 962K, capacity 1015K, committed 1024K, reserved 1048576K
}
Event: 2.193 GC heap before
{Heap before GC invocations=9 (full 0):
 PSYoungGen      total 9216K, used 8853K [0x0000000795580000, 0x0000000796180000, 0x00000007c0000000)
  eden space 7680K, 100% used [0x0000000795580000,0x0000000795d00000,0x0000000795d00000)
  from space 1536K, 76% used [0x0000000795f00000,0x00000007960255c8,0x0000000796080000)
  to   space 2048K, 0% used [0x0000000795d00000,0x0000000795d00000,0x0000000795f00000)
 ParOldGen       total 129536K, used 17477K [0x0000000740000000, 0x0000000747e80000, 0x0000000795580000)
  object space 129536K, 13% used [0x0000000740000000,0x00000007411115d0,0x0000000747e80000)
 Metaspace       used 8831K, capacity 8997K, committed 9216K, reserved 1056768K
  class space    used 962K, capacity 1015K, committed 1024K, reserved 1048576K
Event: 2.196 GC heap after
Heap after GC invocations=9 (full 0):
 PSYoungGen      total 9728K, used 757K [0x0000000795580000, 0x0000000796480000, 0x00000007c0000000)
  eden space 7680K, 0% used [0x0000000795580000,0x0000000795580000,0x0000000795d00000)
  from space 2048K, 36% used [0x0000000795d00000,0x0000000795dbd5c8,0x0000000795f00000)
  to   space 1536K, 0% used [0x0000000796300000,0x0000000796300000,0x0000000796480000)
 ParOldGen       total 129536K, used 17874K [0x0000000740000000, 0x0000000747e80000, 0x0000000795580000)
  object space 129536K, 13% used [0x0000000740000000,0x0000000741174b08,0x0000000747e80000)
 Metaspace       used 8831K, capacity 8997K, committed 9216K, reserved 1056768K
  class space    used 962K, capacity 1015K, committed 1024K, reserved 1048576K
}
Event: 2.231 GC heap before
{Heap before GC invocations=10 (full 0):
 PSYoungGen      total 9728K, used 8437K [0x0000000795580000, 0x0000000796480000, 0x00000007c0000000)
  eden space 7680K, 100% used [0x0000000795580000,0x0000000795d00000,0x0000000795d00000)
  from space 2048K, 36% used [0x0000000795d00000,0x0000000795dbd5c8,0x0000000795f00000)
  to   space 1536K, 0% used [0x0000000796300000,0x0000000796300000,0x0000000796480000)
 ParOldGen       total 129536K, used 17874K [0x0000000740000000, 0x0000000747e80000, 0x0000000795580000)
  object space 129536K, 13% used [0x0000000740000000,0x0000000741174b08,0x0000000747e80000)
 Metaspace       used 8831K, capacity 8997K, committed 9216K, reserved 1056768K
  class space    used 962K, capacity 1015K, committed 1024K, reserved 1048576K
Event: 2.233 GC heap after
Heap after GC invocations=10 (full 0):
 PSYoungGen      total 13312K, used 0K [0x0000000795580000, 0x0000000796580000, 0x00000007c0000000)
  eden space 11776K, 0% used [0x0000000795580000,0x0000000795580000,0x0000000796100000)
  from space 1536K, 0% used [0x0000000796300000,0x0000000796300000,0x0000000796480000)
  to   space 2048K, 0% used [0x0000000796100000,0x0000000796100000,0x0000000796300000)
 ParOldGen       total 129536K, used 18584K [0x0000000740000000, 0x0000000747e80000, 0x0000000795580000)
  object space 129536K, 14% used [0x0000000740000000,0x0000000741226100,0x0000000747e80000)
 Metaspace       used 8831K, capacity 8997K, committed 9216K, reserved 1056768K
  class space    used 962K, capacity 1015K, committed 1024K, reserved 1048576K
}
Event: 3.425 GC heap before
{Heap before GC invocations=11 (full 0):
 PSYoungGen      total 13312K, used 11776K [0x0000000795580000, 0x0000000796580000, 0x00000007c0000000)
  eden space 11776K, 100% used [0x0000000795580000,0x0000000796100000,0x0000000796100000)
  from space 1536K, 0% used [0x0000000796300000,0x0000000796300000,0x0000000796480000)
  to   space 2048K, 0% used [0x0000000796100000,0x0000000796100000,0x0000000796300000)
 ParOldGen       total 129536K, used 46101K [0x0000000740000000, 0x0000000747e80000, 0x0000000795580000)
  object space 129536K, 35% used [0x0000000740000000,0x0000000742d055a0,0x0000000747e80000)
 Metaspace       used 10480K, capacity 10629K, committed 10752K, reserved 1058816K
  class space    used 1130K, capacity 1175K, committed 1280K, reserved 1048576K
Event: 3.429 GC heap after
Heap after GC invocations=11 (full 0):
 PSYoungGen      total 13824K, used 1739K [0x0000000795580000, 0x0000000796c00000, 0x00000007c0000000)
  eden space 11776K, 0% used [0x0000000795580000,0x0000000795580000,0x0000000796100000)
  from space 2048K, 84% used [0x0000000796100000,0x00000007962b2fc0,0x0000000796300000)
  to   space 2048K, 0% used [0x0000000796a00000,0x0000000796a00000,0x0000000796c00000)
 ParOldGen       total 129536K, used 46173K [0x0000000740000000, 0x0000000747e80000, 0x0000000795580000)
  object space 129536K, 35% used [0x0000000740000000,0x0000000742d175b0,0x0000000747e80000)
 Metaspace       used 10480K, capacity 10629K, committed 10752K, reserved 1058816K
  class space    used 1130K, capacity 1175K, committed 1280K, reserved 1048576K
}

