# JRE version: Java(TM) SE Runtime Environment (8.0_11-b12) (build 1.8.0_11-b12)
# Java VM: Java HotSpot(TM) 64-Bit Server VM (25.11-b03 mixed mode bsd-amd64 compressed oops)
Heap:
 PSYoungGen      total 14336K, used 2214K [0x0000000795580000, 0x0000000796d00000, 0x00000007c0000000)
  eden space 12288K, 8% used [0x0000000795580000,0x000000079567e968,0x0000000796180000)
  from space 2048K, 58% used [0x0000000796180000,0x00000007962aafc0,0x0000000796380000)
  to   space 2048K, 0% used [0x0000000796b00000,0x0000000796b00000,0x0000000796d00000)
 ParOldGen       total 129536K, used 46203K [0x0000000740000000, 0x0000000747e80000, 0x0000000795580000)
  object space 129536K, 35% used [0x0000000740000000,0x0000000742d1ee30,0x0000000747e80000)
 Metaspace       used 10637K, capacity 10757K, committed 11008K, reserved 1058816K
  class space    used 1137K, capacity 1175K, committed 1280K, reserved 1048576K
GC Heap History (10 events):
Event: 1.713 GC heap before
{Heap before GC invocations=7 (full 0):
 PSYoungGen      total 5632K, used 5296K [0x0000000795580000, 0x0000000795c80000, 0x00000007c0000000)
  eden space 4096K, 100% used [0x0000000795580000,0x0000000795980000,0x0000000795980000)
  from space 1536K, 78% used [0x0000000795b00000,0x0000000795c2c0c8,0x0000000795c80000)
  to   space 1536K, 0% used [0x0000000795980000,0x0000000795980000,0x0000000795b00000)
 ParOldGen       total 129536K, used 1032K [0x0000000740000000, 0x0000000747e80000, 0x0000000795580000)
  object space 129536K, 0% used [0x0000000740000000,0x0000000740102338,0x0000000747e80000)
 Metaspace       used 7763K, capacity 7899K, committed 8064K, reserved 1056768K
  class space    used 829K, capacity 884K, committed 896K, reserved 1048576K
Event: 1.724 GC heap after
Heap after GC invocations=7 (full 0):
 PSYoungGen      total 5632K, used 1387K [0x0000000795580000, 0x0000000796080000, 0x00000007c0000000)
  eden space 4096K, 0% used [0x0000000795580000,0x0000000795580000,0x0000000795980000)
  from space 1536K, 90% used [0x0000000795980000,0x0000000795adae20,0x0000000795b00000)
  to   space 1536K, 0% used [0x0000000795f00000,0x0000000795f00000,0x0000000796080000)
 ParOldGen       total 129536K, used 8096K [0x0000000740000000, 0x0000000747e80000, 0x0000000795580000)
  object space 129536K, 6% used [0x0000000740000000,0x00000007407e8388,0x0000000747e80000)
 Metaspace       used 7763K, capacity 7899K, committed 8064K, reserved 1056768K
  class space    used 829K, capacity 884K, committed 896K, reserved 1048576K
}
Event: 2.033 GC heap before
{Heap before GC invocations=8 (full 0):
 PSYoungGen      total 5632K, used 5483K [0x0000000795580000, 0x0000000796080000, 0x00000007c0000000)
  eden space 4096K, 100% used [0x0000000795580000,0x0000000795980000,0x0000000795980000)
  from space 1536K, 90% used [0x0000000795980000,0x0000000795adae20,0x0000000795b00000)
  to   space 1536K, 0% used [0x0000000795f00000,0x0000000795f00000,0x0000000796080000)
 ParOldGen       total 129536K, used 17312K [0x0000000740000000, 0x0000000747e80000, 0x0000000795580000)
  object space 129536K, 13% used [0x0000000740000000,0x00000007410e83b8,0x0000000747e80000)
 Metaspace       used 8835K, capacity 8997K, committed 9216K, reserved 1056768K
  class space    used 962K, capacity 1015K, committed 1024K, reserved 1048576K
Event: 2.039 GC heap after
Heap after GC invocations=8 (full 0):
 PSYoungGen      total 9216K, used 1259K [0x0000000795580000, 0x0000000796180000, 0x00000007c0000000)
  eden space 7680K, 0% used [0x0000000795580000,0x0000000795580000,0x0000000795d00000)
  from space 1536K, 82% used [0x0000000795f00000,0x000000079603ae20,0x0000000796080000)
  to   space 2048K, 0% used [0x0000000795d00000,0x0000000795d00000,0x0000000795f00000)
 ParOldGen       total 129536K, used 17448K [0x0000000740000000, 0x0000000747e80000, 0x0000000795580000)
  object space 129536K, 13% used [0x0000000740000000,0x000000074110a3c8,0x0000000747e80000)
 Metaspace       used 8835K, capacity 8997K, committed 9216K, reserved 1056768K
  class space    used 962K, capacity 1015K, committed 1024K, reserved 1048576K
}
Event: 2.082 GC heap before
{Heap before GC invocations=9 (full 0):
 PSYoungGen      total 9216K, used 8939K [0x0000000795580000, 0x0000000796180000, 0x00000007c0000000)
  eden space 7680K, 100% used [0x0000000795580000,0x0000000795d00000,0x0000000795d00000)
  from space 1536K, 82% used [0x0000000795f00000,0x000000079603ae20,0x0000000796080000)
  to   space 2048K, 0% used [0x0000000795d00000,0x0000000795d00000,0x0000000795f00000)
 ParOldGen       total 129536K, used 17448K [0x0000000740000000, 0x0000000747e80000, 0x0000000795580000)
  object space 129536K, 13% used [0x0000000740000000,0x000000074110a3c8,0x0000000747e80000)
 Metaspace       used 8836K, capacity 8997K, committed 9216K, reserved 1056768K
  class space    used 962K, capacity 1015K, committed 1024K, reserved 1048576K
Event: 2.086 GC heap after
Heap after GC invocations=9 (full 0):
 PSYoungGen      total 9728K, used 725K [0x0000000795580000, 0x0000000796580000, 0x00000007c0000000)
  eden space 7680K, 0% used [0x0000000795580000,0x0000000795580000,0x0000000795d00000)
  from space 2048K, 35% used [0x0000000795d00000,0x0000000795db55c8,0x0000000795f00000)
  to   space 2048K, 0% used [0x0000000796380000,0x0000000796380000,0x0000000796580000)
 ParOldGen       total 129536K, used 17896K [0x0000000740000000, 0x0000000747e80000, 0x0000000795580000)
  object space 129536K, 13% used [0x0000000740000000,0x000000074117a388,0x0000000747e80000)
 Metaspace       used 8836K, capacity 8997K, committed 9216K, reserved 1056768K
  class space    used 962K, capacity 1015K, committed 1024K, reserved 1048576K
}
Event: 2.105 GC heap before
{Heap before GC invocations=10 (full 0):
 PSYoungGen      total 9728K, used 8405K [0x0000000795580000, 0x0000000796580000, 0x00000007c0000000)
  eden space 7680K, 100% used [0x0000000795580000,0x0000000795d00000,0x0000000795d00000)
  from space 2048K, 35% used [0x0000000795d00000,0x0000000795db55c8,0x0000000795f00000)
  to   space 2048K, 0% used [0x0000000796380000,0x0000000796380000,0x0000000796580000)
 ParOldGen       total 129536K, used 17896K [0x0000000740000000, 0x0000000747e80000, 0x0000000795580000)
  object space 129536K, 13% used [0x0000000740000000,0x000000074117a388,0x0000000747e80000)
 Metaspace       used 8836K, capacity 8997K, committed 9216K, reserved 1056768K
  class space    used 962K, capacity 1015K, committed 1024K, reserved 1048576K
Event: 2.108 GC heap after
Heap after GC invocations=10 (full 0):
 PSYoungGen      total 14336K, used 0K [0x0000000795580000, 0x0000000796580000, 0x00000007c0000000)
  eden space 12288K, 0% used [0x0000000795580000,0x0000000795580000,0x0000000796180000)
  from space 2048K, 0% used [0x0000000796380000,0x0000000796380000,0x0000000796580000)
  to   space 2048K, 0% used [0x0000000796180000,0x0000000796180000,0x0000000796380000)
 ParOldGen       total 129536K, used 18614K [0x0000000740000000, 0x0000000747e80000, 0x0000000795580000)
  object space 129536K, 14% used [0x0000000740000000,0x000000074122d980,0x0000000747e80000)
 Metaspace       used 8836K, capacity 8997K, committed 9216K, reserved 1056768K
  class space    used 962K, capacity 1015K, committed 1024K, reserved 1048576K
}
Event: 3.097 GC heap before
{Heap before GC invocations=11 (full 0):
 PSYoungGen      total 14336K, used 12288K [0x0000000795580000, 0x0000000796580000, 0x00000007c0000000)
  eden space 12288K, 100% used [0x0000000795580000,0x0000000796180000,0x0000000796180000)
  from space 2048K, 0% used [0x0000000796380000,0x0000000796380000,0x0000000796580000)
  to   space 2048K, 0% used [0x0000000796180000,0x0000000796180000,0x0000000796380000)
 ParOldGen       total 129536K, used 46131K [0x0000000740000000, 0x0000000747e80000, 0x0000000795580000)
  object space 129536K, 35% used [0x0000000740000000,0x0000000742d0ce20,0x0000000747e80000)
 Metaspace       used 10490K, capacity 10629K, committed 10752K, reserved 1058816K
  class space    used 1130K, capacity 1175K, committed 1280K, reserved 1048576K
Event: 3.099 GC heap after
Heap after GC invocations=11 (full 0):
 PSYoungGen      total 14336K, used 1195K [0x0000000795580000, 0x0000000796d00000, 0x00000007c0000000)
  eden space 12288K, 0% used [0x0000000795580000,0x0000000795580000,0x0000000796180000)
  from space 2048K, 58% used [0x0000000796180000,0x00000007962aafc0,0x0000000796380000)
  to   space 2048K, 0% used [0x0000000796b00000,0x0000000796b00000,0x0000000796d00000)
 ParOldGen       total 129536K, used 46203K [0x0000000740000000, 0x0000000747e80000, 0x0000000795580000)
  object space 129536K, 35% used [0x0000000740000000,0x0000000742d1ee30,0x0000000747e80000)
 Metaspace       used 10490K, capacity 10629K, committed 10752K, reserved 1058816K
  class space    used 1130K, capacity 1175K, committed 1280K, reserved 1048576K
}

