# JRE version: Java(TM) SE Runtime Environment (8.0_11-b12) (build 1.8.0_11-b12)
# Java VM: Java HotSpot(TM) 64-Bit Server VM (25.11-b03 mixed mode bsd-amd64 compressed oops)
Heap:
 PSYoungGen      total 18432K, used 2255K [0x0000000795580000, 0x0000000796980000, 0x00000007c0000000)
  eden space 16384K, 6% used [0x0000000795580000,0x0000000795688d00,0x0000000796580000)
  from space 2048K, 58% used [0x0000000796780000,0x00000007968aafc0,0x0000000796980000)
  to   space 2048K, 0% used [0x0000000796580000,0x0000000796580000,0x0000000796780000)
 ParOldGen       total 129536K, used 58507K [0x0000000740000000, 0x0000000747e80000, 0x0000000795580000)
  object space 129536K, 45% used [0x0000000740000000,0x0000000743922df8,0x0000000747e80000)
 Metaspace       used 10656K, capacity 10757K, committed 11008K, reserved 1058816K
  class space    used 1142K, capacity 1175K, committed 1280K, reserved 1048576K
GC Heap History (10 events):
Event: 1.432 GC heap before
{Heap before GC invocations=10 (full 0):
 PSYoungGen      total 5632K, used 5191K [0x0000000795580000, 0x0000000795f00000, 0x00000007c0000000)
  eden space 4096K, 100% used [0x0000000795580000,0x0000000795980000,0x0000000795980000)
  from space 1536K, 71% used [0x0000000795980000,0x0000000795a91eb8,0x0000000795b00000)
  to   space 1536K, 0% used [0x0000000795d80000,0x0000000795d80000,0x0000000795f00000)
 ParOldGen       total 129536K, used 8279K [0x0000000740000000, 0x0000000747e80000, 0x0000000795580000)
  object space 129536K, 6% used [0x0000000740000000,0x0000000740815c70,0x0000000747e80000)
 Metaspace       used 8118K, capacity 8261K, committed 8448K, reserved 1056768K
  class space    used 869K, capacity 919K, committed 1024K, reserved 1048576K
Event: 1.441 GC heap after
Heap after GC invocations=10 (full 0):
 PSYoungGen      total 7680K, used 288K [0x0000000795580000, 0x0000000796000000, 0x00000007c0000000)
  eden space 6144K, 0% used [0x0000000795580000,0x0000000795580000,0x0000000795b80000)
  from space 1536K, 18% used [0x0000000795d80000,0x0000000795dc8000,0x0000000795f00000)
  to   space 2048K, 0% used [0x0000000795b80000,0x0000000795b80000,0x0000000795d80000)
 ParOldGen       total 129536K, used 18358K [0x0000000740000000, 0x0000000747e80000, 0x0000000795580000)
  object space 129536K, 14% used [0x0000000740000000,0x00000007411ed908,0x0000000747e80000)
 Metaspace       used 8118K, capacity 8261K, committed 8448K, reserved 1056768K
  class space    used 869K, capacity 919K, committed 1024K, reserved 1048576K
}
Event: 1.627 GC heap before
{Heap before GC invocations=11 (full 0):
 PSYoungGen      total 7680K, used 6432K [0x0000000795580000, 0x0000000796000000, 0x00000007c0000000)
  eden space 6144K, 100% used [0x0000000795580000,0x0000000795b80000,0x0000000795b80000)
  from space 1536K, 18% used [0x0000000795d80000,0x0000000795dc8000,0x0000000795f00000)
  to   space 2048K, 0% used [0x0000000795b80000,0x0000000795b80000,0x0000000795d80000)
 ParOldGen       total 129536K, used 21430K [0x0000000740000000, 0x0000000747e80000, 0x0000000795580000)
  object space 129536K, 16% used [0x0000000740000000,0x00000007414ed918,0x0000000747e80000)
 Metaspace       used 8834K, capacity 8997K, committed 9216K, reserved 1056768K
  class space    used 965K, capacity 1015K, committed 1024K, reserved 1048576K
Event: 1.637 GC heap after
Heap after GC invocations=11 (full 0):
 PSYoungGen      total 8192K, used 160K [0x0000000795580000, 0x0000000796380000, 0x00000007c0000000)
  eden space 6144K, 0% used [0x0000000795580000,0x0000000795580000,0x0000000795b80000)
  from space 2048K, 7% used [0x0000000795b80000,0x0000000795ba8000,0x0000000795d80000)
  to   space 2048K, 0% used [0x0000000796180000,0x0000000796180000,0x0000000796380000)
 ParOldGen       total 129536K, used 30822K [0x0000000740000000, 0x0000000747e80000, 0x0000000795580000)
  object space 129536K, 23% used [0x0000000740000000,0x0000000741e19948,0x0000000747e80000)
 Metaspace       used 8834K, capacity 8997K, committed 9216K, reserved 1056768K
  class space    used 965K, capacity 1015K, committed 1024K, reserved 1048576K
}
Event: 1.684 GC heap before
{Heap before GC invocations=12 (full 0):
 PSYoungGen      total 8192K, used 6304K [0x0000000795580000, 0x0000000796380000, 0x00000007c0000000)
  eden space 6144K, 100% used [0x0000000795580000,0x0000000795b80000,0x0000000795b80000)
  from space 2048K, 7% used [0x0000000795b80000,0x0000000795ba8000,0x0000000795d80000)
  to   space 2048K, 0% used [0x0000000796180000,0x0000000796180000,0x0000000796380000)
 ParOldGen       total 129536K, used 30822K [0x0000000740000000, 0x0000000747e80000, 0x0000000795580000)
  object space 129536K, 23% used [0x0000000740000000,0x0000000741e19948,0x0000000747e80000)
 Metaspace       used 8834K, capacity 8997K, committed 9216K, reserved 1056768K
  class space    used 965K, capacity 1015K, committed 1024K, reserved 1048576K
Event: 1.692 GC heap after
Heap after GC invocations=12 (full 0):
 PSYoungGen      total 12288K, used 0K [0x0000000795580000, 0x0000000796380000, 0x00000007c0000000)
  eden space 10240K, 0% used [0x0000000795580000,0x0000000795580000,0x0000000795f80000)
  from space 2048K, 0% used [0x0000000796180000,0x0000000796180000,0x0000000796380000)
  to   space 2048K, 0% used [0x0000000795f80000,0x0000000795f80000,0x0000000796180000)
 ParOldGen       total 129536K, used 30918K [0x0000000740000000, 0x0000000747e80000, 0x0000000795580000)
  object space 129536K, 23% used [0x0000000740000000,0x0000000741e31948,0x0000000747e80000)
 Metaspace       used 8834K, capacity 8997K, committed 9216K, reserved 1056768K
  class space    used 965K, capacity 1015K, committed 1024K, reserved 1048576K
}
Event: 1.739 GC heap before
{Heap before GC invocations=13 (full 0):
 PSYoungGen      total 12288K, used 10240K [0x0000000795580000, 0x0000000796380000, 0x00000007c0000000)
  eden space 10240K, 100% used [0x0000000795580000,0x0000000795f80000,0x0000000795f80000)
  from space 2048K, 0% used [0x0000000796180000,0x0000000796180000,0x0000000796380000)
  to   space 2048K, 0% used [0x0000000795f80000,0x0000000795f80000,0x0000000796180000)
 ParOldGen       total 129536K, used 30918K [0x0000000740000000, 0x0000000747e80000, 0x0000000795580000)
  object space 129536K, 23% used [0x0000000740000000,0x0000000741e31948,0x0000000747e80000)
 Metaspace       used 8834K, capacity 8997K, committed 9216K, reserved 1056768K
  class space    used 965K, capacity 1015K, committed 1024K, reserved 1048576K
Event: 1.740 GC heap after
Heap after GC invocations=13 (full 0):
 PSYoungGen      total 12288K, used 0K [0x0000000795580000, 0x0000000796980000, 0x00000007c0000000)
  eden space 10240K, 0% used [0x0000000795580000,0x0000000795580000,0x0000000795f80000)
  from space 2048K, 0% used [0x0000000795f80000,0x0000000795f80000,0x0000000796180000)
  to   space 2048K, 0% used [0x0000000796780000,0x0000000796780000,0x0000000796980000)
 ParOldGen       total 129536K, used 30918K [0x0000000740000000, 0x0000000747e80000, 0x0000000795580000)
  object space 129536K, 23% used [0x0000000740000000,0x0000000741e31948,0x0000000747e80000)
 Metaspace       used 8834K, capacity 8997K, committed 9216K, reserved 1056768K
  class space    used 965K, capacity 1015K, committed 1024K, reserved 1048576K
}
Event: 2.732 GC heap before
{Heap before GC invocations=14 (full 0):
 PSYoungGen      total 12288K, used 10240K [0x0000000795580000, 0x0000000796980000, 0x00000007c0000000)
  eden space 10240K, 100% used [0x0000000795580000,0x0000000795f80000,0x0000000795f80000)
  from space 2048K, 0% used [0x0000000795f80000,0x0000000795f80000,0x0000000796180000)
  to   space 2048K, 0% used [0x0000000796780000,0x0000000796780000,0x0000000796980000)
 ParOldGen       total 129536K, used 58435K [0x0000000740000000, 0x0000000747e80000, 0x0000000795580000)
  object space 129536K, 45% used [0x0000000740000000,0x0000000743910de8,0x0000000747e80000)
 Metaspace       used 10485K, capacity 10629K, committed 10752K, reserved 1058816K
  class space    used 1135K, capacity 1175K, committed 1280K, reserved 1048576K
Event: 2.736 GC heap after
Heap after GC invocations=14 (full 0):
 PSYoungGen      total 18432K, used 1195K [0x0000000795580000, 0x0000000796980000, 0x00000007c0000000)
  eden space 16384K, 0% used [0x0000000795580000,0x0000000795580000,0x0000000796580000)
  from space 2048K, 58% used [0x0000000796780000,0x00000007968aafc0,0x0000000796980000)
  to   space 2048K, 0% used [0x0000000796580000,0x0000000796580000,0x0000000796780000)
 ParOldGen       total 129536K, used 58507K [0x0000000740000000, 0x0000000747e80000, 0x0000000795580000)
  object space 129536K, 45% used [0x0000000740000000,0x0000000743922df8,0x0000000747e80000)
 Metaspace       used 10485K, capacity 10629K, committed 10752K, reserved 1058816K
  class space    used 1135K, capacity 1175K, committed 1280K, reserved 1048576K
}

