# JRE version: Java(TM) SE Runtime Environment (8.0_11-b12) (build 1.8.0_11-b12)
# Java VM: Java HotSpot(TM) 64-Bit Server VM (25.11-b03 mixed mode bsd-amd64 compressed oops)
Heap:
 PSYoungGen      total 23552K, used 21436K [0x0000000795580000, 0x0000000796e80000, 0x00000007c0000000)
  eden space 21504K, 96% used [0x0000000795580000,0x00000007969cc0f8,0x0000000796a80000)
  from space 2048K, 31% used [0x0000000796c80000,0x0000000796d22fc0,0x0000000796e80000)
  to   space 2048K, 0% used [0x0000000796a80000,0x0000000796a80000,0x0000000796c80000)
 ParOldGen       total 129536K, used 40350K [0x0000000740000000, 0x0000000747e80000, 0x0000000795580000)
  object space 129536K, 31% used [0x0000000740000000,0x0000000742767bc0,0x0000000747e80000)
 Metaspace       used 10579K, capacity 10693K, committed 11008K, reserved 1058816K
  class space    used 1137K, capacity 1175K, committed 1280K, reserved 1048576K
GC Heap History (10 events):
Event: 1.663 GC heap before
{Heap before GC invocations=8 (full 0):
 PSYoungGen      total 5632K, used 5291K [0x0000000795580000, 0x0000000796180000, 0x00000007c0000000)
  eden space 4096K, 100% used [0x0000000795580000,0x0000000795980000,0x0000000795980000)
  from space 1536K, 77% used [0x0000000795980000,0x0000000795aaae20,0x0000000795b00000)
  to   space 2048K, 0% used [0x0000000795f80000,0x0000000795f80000,0x0000000796180000)
 ParOldGen       total 129536K, used 8327K [0x0000000740000000, 0x0000000747e80000, 0x0000000795580000)
  object space 129536K, 6% used [0x0000000740000000,0x0000000740821d48,0x0000000747e80000)
 Metaspace       used 7997K, capacity 8129K, committed 8448K, reserved 1056768K
  class space    used 850K, capacity 917K, committed 1024K, reserved 1048576K
Event: 1.671 GC heap after
Heap after GC invocations=8 (full 0):
 PSYoungGen      total 9216K, used 1021K [0x0000000795580000, 0x0000000796080000, 0x00000007c0000000)
  eden space 8192K, 0% used [0x0000000795580000,0x0000000795580000,0x0000000795d80000)
  from space 1024K, 99% used [0x0000000795f80000,0x000000079607f710,0x0000000796080000)
  to   space 1536K, 0% used [0x0000000795d80000,0x0000000795d80000,0x0000000795f00000)
 ParOldGen       total 129536K, used 17691K [0x0000000740000000, 0x0000000747e80000, 0x0000000795580000)
  object space 129536K, 13% used [0x0000000740000000,0x0000000741146d98,0x0000000747e80000)
 Metaspace       used 7997K, capacity 8129K, committed 8448K, reserved 1056768K
  class space    used 850K, capacity 917K, committed 1024K, reserved 1048576K
}
Event: 1.954 GC heap before
{Heap before GC invocations=9 (full 0):
 PSYoungGen      total 9216K, used 9213K [0x0000000795580000, 0x0000000796080000, 0x00000007c0000000)
  eden space 8192K, 100% used [0x0000000795580000,0x0000000795d80000,0x0000000795d80000)
  from space 1024K, 99% used [0x0000000795f80000,0x000000079607f710,0x0000000796080000)
  to   space 1536K, 0% used [0x0000000795d80000,0x0000000795d80000,0x0000000795f00000)
 ParOldGen       total 129536K, used 17691K [0x0000000740000000, 0x0000000747e80000, 0x0000000795580000)
  object space 129536K, 13% used [0x0000000740000000,0x0000000741146d98,0x0000000747e80000)
 Metaspace       used 8824K, capacity 8997K, committed 9216K, reserved 1056768K
  class space    used 961K, capacity 1015K, committed 1024K, reserved 1048576K
Event: 1.978 GC heap after
Heap after GC invocations=9 (full 0):
 PSYoungGen      total 9728K, used 384K [0x0000000795580000, 0x0000000796680000, 0x00000007c0000000)
  eden space 8192K, 0% used [0x0000000795580000,0x0000000795580000,0x0000000795d80000)
  from space 1536K, 25% used [0x0000000795d80000,0x0000000795de0000,0x0000000795f00000)
  to   space 2048K, 0% used [0x0000000796480000,0x0000000796480000,0x0000000796680000)
 ParOldGen       total 129536K, used 39966K [0x0000000740000000, 0x0000000747e80000, 0x0000000795580000)
  object space 129536K, 30% used [0x0000000740000000,0x0000000742707bb0,0x0000000747e80000)
 Metaspace       used 8824K, capacity 8997K, committed 9216K, reserved 1056768K
  class space    used 961K, capacity 1015K, committed 1024K, reserved 1048576K
}
Event: 2.018 GC heap before
{Heap before GC invocations=10 (full 0):
 PSYoungGen      total 9728K, used 8576K [0x0000000795580000, 0x0000000796680000, 0x00000007c0000000)
  eden space 8192K, 100% used [0x0000000795580000,0x0000000795d80000,0x0000000795d80000)
  from space 1536K, 25% used [0x0000000795d80000,0x0000000795de0000,0x0000000795f00000)
  to   space 2048K, 0% used [0x0000000796480000,0x0000000796480000,0x0000000796680000)
 ParOldGen       total 129536K, used 39966K [0x0000000740000000, 0x0000000747e80000, 0x0000000795580000)
  object space 129536K, 30% used [0x0000000740000000,0x0000000742707bb0,0x0000000747e80000)
 Metaspace       used 8825K, capacity 8997K, committed 9216K, reserved 1056768K
  class space    used 961K, capacity 1015K, committed 1024K, reserved 1048576K
Event: 2.020 GC heap after
Heap after GC invocations=10 (full 0):
 PSYoungGen      total 15360K, used 160K [0x0000000795580000, 0x0000000796680000, 0x00000007c0000000)
  eden space 13312K, 0% used [0x0000000795580000,0x0000000795580000,0x0000000796280000)
  from space 2048K, 7% used [0x0000000796480000,0x00000007964a8000,0x0000000796680000)
  to   space 2048K, 0% used [0x0000000796280000,0x0000000796280000,0x0000000796480000)
 ParOldGen       total 129536K, used 40166K [0x0000000740000000, 0x0000000747e80000, 0x0000000795580000)
  object space 129536K, 31% used [0x0000000740000000,0x0000000742739bb0,0x0000000747e80000)
 Metaspace       used 8825K, capacity 8997K, committed 9216K, reserved 1056768K
  class space    used 961K, capacity 1015K, committed 1024K, reserved 1048576K
}
Event: 2.060 GC heap before
{Heap before GC invocations=11 (full 0):
 PSYoungGen      total 15360K, used 13472K [0x0000000795580000, 0x0000000796680000, 0x00000007c0000000)
  eden space 13312K, 100% used [0x0000000795580000,0x0000000796280000,0x0000000796280000)
  from space 2048K, 7% used [0x0000000796480000,0x00000007964a8000,0x0000000796680000)
  to   space 2048K, 0% used [0x0000000796280000,0x0000000796280000,0x0000000796480000)
 ParOldGen       total 129536K, used 40166K [0x0000000740000000, 0x0000000747e80000, 0x0000000795580000)
  object space 129536K, 31% used [0x0000000740000000,0x0000000742739bb0,0x0000000747e80000)
 Metaspace       used 8825K, capacity 8997K, committed 9216K, reserved 1056768K
  class space    used 961K, capacity 1015K, committed 1024K, reserved 1048576K
Event: 2.062 GC heap after
Heap after GC invocations=11 (full 0):
 PSYoungGen      total 15360K, used 0K [0x0000000795580000, 0x0000000796e80000, 0x00000007c0000000)
  eden space 13312K, 0% used [0x0000000795580000,0x0000000795580000,0x0000000796280000)
  from space 2048K, 0% used [0x0000000796280000,0x0000000796280000,0x0000000796480000)
  to   space 2048K, 0% used [0x0000000796c80000,0x0000000796c80000,0x0000000796e80000)
 ParOldGen       total 129536K, used 40278K [0x0000000740000000, 0x0000000747e80000, 0x0000000795580000)
  object space 129536K, 31% used [0x0000000740000000,0x0000000742755bb0,0x0000000747e80000)
 Metaspace       used 8825K, capacity 8997K, committed 9216K, reserved 1056768K
  class space    used 961K, capacity 1015K, committed 1024K, reserved 1048576K
}
Event: 2.744 GC heap before
{Heap before GC invocations=12 (full 0):
 PSYoungGen      total 15360K, used 13312K [0x0000000795580000, 0x0000000796e80000, 0x00000007c0000000)
  eden space 13312K, 100% used [0x0000000795580000,0x0000000796280000,0x0000000796280000)
  from space 2048K, 0% used [0x0000000796280000,0x0000000796280000,0x0000000796480000)
  to   space 2048K, 0% used [0x0000000796c80000,0x0000000796c80000,0x0000000796e80000)
 ParOldGen       total 129536K, used 40278K [0x0000000740000000, 0x0000000747e80000, 0x0000000795580000)
  object space 129536K, 31% used [0x0000000740000000,0x0000000742755bb0,0x0000000747e80000)
 Metaspace       used 10378K, capacity 10501K, committed 10752K, reserved 1058816K
  class space    used 1124K, capacity 1175K, committed 1280K, reserved 1048576K
Event: 2.746 GC heap after
Heap after GC invocations=12 (full 0):
 PSYoungGen      total 23552K, used 651K [0x0000000795580000, 0x0000000796e80000, 0x00000007c0000000)
  eden space 21504K, 0% used [0x0000000795580000,0x0000000795580000,0x0000000796a80000)
  from space 2048K, 31% used [0x0000000796c80000,0x0000000796d22fc0,0x0000000796e80000)
  to   space 2048K, 0% used [0x0000000796a80000,0x0000000796a80000,0x0000000796c80000)
 ParOldGen       total 129536K, used 40350K [0x0000000740000000, 0x0000000747e80000, 0x0000000795580000)
  object space 129536K, 31% used [0x0000000740000000,0x0000000742767bc0,0x0000000747e80000)
 Metaspace       used 10378K, capacity 10501K, committed 10752K, reserved 1058816K
  class space    used 1124K, capacity 1175K, committed 1280K, reserved 1048576K
}

