# JRE version: Java(TM) SE Runtime Environment (8.0_11-b12) (build 1.8.0_11-b12)
# Java VM: Java HotSpot(TM) 64-Bit Server VM (25.11-b03 mixed mode bsd-amd64 compressed oops)
Heap:
 PSYoungGen      total 14336K, used 10482K [0x0000000795580000, 0x0000000796580000, 0x00000007c0000000)
  eden space 12288K, 85% used [0x0000000795580000,0x0000000795fbc8e0,0x0000000796180000)
  from space 2048K, 0% used [0x0000000796380000,0x0000000796380000,0x0000000796580000)
  to   space 2048K, 0% used [0x0000000796180000,0x0000000796180000,0x0000000796380000)
 ParOldGen       total 129536K, used 41590K [0x0000000740000000, 0x0000000747e80000, 0x0000000795580000)
  object space 129536K, 32% used [0x0000000740000000,0x000000074289d9c0,0x0000000747e80000)
 Metaspace       used 10644K, capacity 10753K, committed 11008K, reserved 1058816K
  class space    used 1147K, capacity 1175K, committed 1280K, reserved 1048576K
GC Heap History (10 events):
Event: 1.219 GC heap before
{Heap before GC invocations=6 (full 0):
 PSYoungGen      total 2560K, used 2544K [0x0000000795580000, 0x0000000795c80000, 0x00000007c0000000)
  eden space 2048K, 100% used [0x0000000795580000,0x0000000795780000,0x0000000795780000)
  from space 512K, 96% used [0x0000000795780000,0x00000007957fc010,0x0000000795800000)
  to   space 1536K, 0% used [0x0000000795b00000,0x0000000795b00000,0x0000000795c80000)
 ParOldGen       total 129536K, used 1095K [0x0000000740000000, 0x0000000747e80000, 0x0000000795580000)
  object space 129536K, 0% used [0x0000000740000000,0x0000000740111ee8,0x0000000747e80000)
 Metaspace       used 6410K, capacity 6483K, committed 6656K, reserved 1056768K
  class space    used 657K, capacity 690K, committed 768K, reserved 1048576K
Event: 1.223 GC heap after
Heap after GC invocations=6 (full 0):
 PSYoungGen      total 5632K, used 1136K [0x0000000795580000, 0x0000000795c80000, 0x00000007c0000000)
  eden space 4096K, 0% used [0x0000000795580000,0x0000000795580000,0x0000000795980000)
  from space 1536K, 73% used [0x0000000795b00000,0x0000000795c1c0c8,0x0000000795c80000)
  to   space 1536K, 0% used [0x0000000795980000,0x0000000795980000,0x0000000795b00000)
 ParOldGen       total 129536K, used 1103K [0x0000000740000000, 0x0000000747e80000, 0x0000000795580000)
  object space 129536K, 0% used [0x0000000740000000,0x0000000740113ee8,0x0000000747e80000)
 Metaspace       used 6410K, capacity 6483K, committed 6656K, reserved 1056768K
  class space    used 657K, capacity 690K, committed 768K, reserved 1048576K
}
Event: 2.102 GC heap before
{Heap before GC invocations=7 (full 0):
 PSYoungGen      total 5632K, used 5230K [0x0000000795580000, 0x0000000795c80000, 0x00000007c0000000)
  eden space 4096K, 99% used [0x0000000795580000,0x000000079597f930,0x0000000795980000)
  from space 1536K, 73% used [0x0000000795b00000,0x0000000795c1c0c8,0x0000000795c80000)
  to   space 1536K, 0% used [0x0000000795980000,0x0000000795980000,0x0000000795b00000)
 ParOldGen       total 129536K, used 3407K [0x0000000740000000, 0x0000000747e80000, 0x0000000795580000)
  object space 129536K, 2% used [0x0000000740000000,0x0000000740353ef8,0x0000000747e80000)
 Metaspace       used 7807K, capacity 7895K, committed 8064K, reserved 1056768K
  class space    used 834K, capacity 884K, committed 896K, reserved 1048576K
Event: 2.106 GC heap after
Heap after GC invocations=7 (full 0):
 PSYoungGen      total 5632K, used 1291K [0x0000000795580000, 0x0000000796080000, 0x00000007c0000000)
  eden space 4096K, 0% used [0x0000000795580000,0x0000000795580000,0x0000000795980000)
  from space 1536K, 84% used [0x0000000795980000,0x0000000795ac2e20,0x0000000795b00000)
  to   space 1536K, 0% used [0x0000000795f00000,0x0000000795f00000,0x0000000796080000)
 ParOldGen       total 129536K, used 3583K [0x0000000740000000, 0x0000000747e80000, 0x0000000795580000)
  object space 129536K, 2% used [0x0000000740000000,0x000000074037ff18,0x0000000747e80000)
 Metaspace       used 7807K, capacity 7895K, committed 8064K, reserved 1056768K
  class space    used 834K, capacity 884K, committed 896K, reserved 1048576K
}
Event: 2.412 GC heap before
{Heap before GC invocations=8 (full 0):
 PSYoungGen      total 5632K, used 5387K [0x0000000795580000, 0x0000000796080000, 0x00000007c0000000)
  eden space 4096K, 100% used [0x0000000795580000,0x0000000795980000,0x0000000795980000)
  from space 1536K, 84% used [0x0000000795980000,0x0000000795ac2e20,0x0000000795b00000)
  to   space 1536K, 0% used [0x0000000795f00000,0x0000000795f00000,0x0000000796080000)
 ParOldGen       total 129536K, used 12799K [0x0000000740000000, 0x0000000747e80000, 0x0000000795580000)
  object space 129536K, 9% used [0x0000000740000000,0x0000000740c7ff48,0x0000000747e80000)
 Metaspace       used 8881K, capacity 8993K, committed 9216K, reserved 1056768K
  class space    used 967K, capacity 1015K, committed 1024K, reserved 1048576K
Event: 2.417 GC heap after
Heap after GC invocations=8 (full 0):
 PSYoungGen      total 9216K, used 1269K [0x0000000795580000, 0x0000000796180000, 0x00000007c0000000)
  eden space 7680K, 0% used [0x0000000795580000,0x0000000795580000,0x0000000795d00000)
  from space 1536K, 82% used [0x0000000795f00000,0x000000079603d5c8,0x0000000796080000)
  to   space 2048K, 0% used [0x0000000795d00000,0x0000000795d00000,0x0000000795f00000)
 ParOldGen       total 129536K, used 12919K [0x0000000740000000, 0x0000000747e80000, 0x0000000795580000)
  object space 129536K, 9% used [0x0000000740000000,0x0000000740c9df58,0x0000000747e80000)
 Metaspace       used 8881K, capacity 8993K, committed 9216K, reserved 1056768K
  class space    used 967K, capacity 1015K, committed 1024K, reserved 1048576K
}
Event: 2.470 GC heap before
{Heap before GC invocations=9 (full 0):
 PSYoungGen      total 9216K, used 8949K [0x0000000795580000, 0x0000000796180000, 0x00000007c0000000)
  eden space 7680K, 100% used [0x0000000795580000,0x0000000795d00000,0x0000000795d00000)
  from space 1536K, 82% used [0x0000000795f00000,0x000000079603d5c8,0x0000000796080000)
  to   space 2048K, 0% used [0x0000000795d00000,0x0000000795d00000,0x0000000795f00000)
 ParOldGen       total 129536K, used 12919K [0x0000000740000000, 0x0000000747e80000, 0x0000000795580000)
  object space 129536K, 9% used [0x0000000740000000,0x0000000740c9df58,0x0000000747e80000)
 Metaspace       used 8882K, capacity 8993K, committed 9216K, reserved 1056768K
  class space    used 967K, capacity 1015K, committed 1024K, reserved 1048576K
Event: 2.473 GC heap after
Heap after GC invocations=9 (full 0):
 PSYoungGen      total 9728K, used 757K [0x0000000795580000, 0x0000000796580000, 0x00000007c0000000)
  eden space 7680K, 0% used [0x0000000795580000,0x0000000795580000,0x0000000795d00000)
  from space 2048K, 36% used [0x0000000795d00000,0x0000000795dbd5c8,0x0000000795f00000)
  to   space 2048K, 0% used [0x0000000796380000,0x0000000796380000,0x0000000796580000)
 ParOldGen       total 129536K, used 13347K [0x0000000740000000, 0x0000000747e80000, 0x0000000795580000)
  object space 129536K, 10% used [0x0000000740000000,0x0000000740d08f38,0x0000000747e80000)
 Metaspace       used 8882K, capacity 8993K, committed 9216K, reserved 1056768K
  class space    used 967K, capacity 1015K, committed 1024K, reserved 1048576K
}
Event: 2.502 GC heap before
{Heap before GC invocations=10 (full 0):
 PSYoungGen      total 9728K, used 8437K [0x0000000795580000, 0x0000000796580000, 0x00000007c0000000)
  eden space 7680K, 100% used [0x0000000795580000,0x0000000795d00000,0x0000000795d00000)
  from space 2048K, 36% used [0x0000000795d00000,0x0000000795dbd5c8,0x0000000795f00000)
  to   space 2048K, 0% used [0x0000000796380000,0x0000000796380000,0x0000000796580000)
 ParOldGen       total 129536K, used 13347K [0x0000000740000000, 0x0000000747e80000, 0x0000000795580000)
  object space 129536K, 10% used [0x0000000740000000,0x0000000740d08f38,0x0000000747e80000)
 Metaspace       used 8882K, capacity 8993K, committed 9216K, reserved 1056768K
  class space    used 967K, capacity 1015K, committed 1024K, reserved 1048576K
Event: 2.504 GC heap after
Heap after GC invocations=10 (full 0):
 PSYoungGen      total 14336K, used 0K [0x0000000795580000, 0x0000000796580000, 0x00000007c0000000)
  eden space 12288K, 0% used [0x0000000795580000,0x0000000795580000,0x0000000796180000)
  from space 2048K, 0% used [0x0000000796380000,0x0000000796380000,0x0000000796580000)
  to   space 2048K, 0% used [0x0000000796180000,0x0000000796180000,0x0000000796380000)
 ParOldGen       total 129536K, used 14073K [0x0000000740000000, 0x0000000747e80000, 0x0000000795580000)
  object space 129536K, 10% used [0x0000000740000000,0x0000000740dbe520,0x0000000747e80000)
 Metaspace       used 8882K, capacity 8993K, committed 9216K, reserved 1056768K
  class space    used 967K, capacity 1015K, committed 1024K, reserved 1048576K
}

