# JRE version: Java(TM) SE Runtime Environment (8.0_11-b12) (build 1.8.0_11-b12)
# Java VM: Java HotSpot(TM) 64-Bit Server VM (25.11-b03 mixed mode bsd-amd64 compressed oops)
Heap:
 PSYoungGen      total 5632K, used 3508K [0x0000000174180000, 0x0000000174880000, 0x000000019ec00000)
  eden space 4096K, 57% used [0x0000000174180000,0x00000001743c9208,0x0000000174580000)
  from space 1536K, 76% used [0x0000000174700000,0x0000000174824010,0x0000000174880000)
  to   space 1536K, 0% used [0x0000000174580000,0x0000000174580000,0x0000000174700000)
 ParOldGen       total 129536K, used 1182K [0x000000011ec00000, 0x0000000126a80000, 0x0000000174180000)
  object space 129536K, 0% used [0x000000011ec00000,0x000000011ed27948,0x0000000126a80000)
 Metaspace       used 7848K, capacity 8023K, committed 8064K, reserved 1056768K
  class space    used 821K, capacity 882K, committed 896K, reserved 1048576K
GC Heap History (10 events):
Event: 1.760 GC heap before
{Heap before GC invocations=4 (full 0):
 PSYoungGen      total 1024K, used 992K [0x0000000174180000, 0x0000000174380000, 0x000000019ec00000)
  eden space 512K, 100% used [0x0000000174180000,0x0000000174200000,0x0000000174200000)
  from space 512K, 93% used [0x0000000174200000,0x0000000174278020,0x0000000174280000)
  to   space 512K, 0% used [0x0000000174300000,0x0000000174300000,0x0000000174380000)
 ParOldGen       total 129536K, used 217K [0x000000011ec00000, 0x0000000126a80000, 0x0000000174180000)
  object space 129536K, 0% used [0x000000011ec00000,0x000000011ec36698,0x0000000126a80000)
 Metaspace       used 4366K, capacity 4866K, committed 5120K, reserved 1056768K
  class space    used 477K, capacity 497K, committed 512K, reserved 1048576K
Event: 1.764 GC heap after
Heap after GC invocations=4 (full 0):
 PSYoungGen      total 1536K, used 480K [0x0000000174180000, 0x0000000174380000, 0x000000019ec00000)
  eden space 1024K, 0% used [0x0000000174180000,0x0000000174180000,0x0000000174280000)
  from space 512K, 93% used [0x0000000174300000,0x0000000174378020,0x0000000174380000)
  to   space 512K, 0% used [0x0000000174280000,0x0000000174280000,0x0000000174300000)
 ParOldGen       total 129536K, used 420K [0x000000011ec00000, 0x0000000126a80000, 0x0000000174180000)
  object space 129536K, 0% used [0x000000011ec00000,0x000000011ec69020,0x0000000126a80000)
 Metaspace       used 4366K, capacity 4866K, committed 5120K, reserved 1056768K
  class space    used 477K, capacity 497K, committed 512K, reserved 1048576K
}
Event: 1.816 GC heap before
{Heap before GC invocations=5 (full 0):
 PSYoungGen      total 1536K, used 1504K [0x0000000174180000, 0x0000000174380000, 0x000000019ec00000)
  eden space 1024K, 100% used [0x0000000174180000,0x0000000174280000,0x0000000174280000)
  from space 512K, 93% used [0x0000000174300000,0x0000000174378020,0x0000000174380000)
  to   space 512K, 0% used [0x0000000174280000,0x0000000174280000,0x0000000174300000)
 ParOldGen       total 129536K, used 420K [0x000000011ec00000, 0x0000000126a80000, 0x0000000174180000)
  object space 129536K, 0% used [0x000000011ec00000,0x000000011ec69020,0x0000000126a80000)
 Metaspace       used 4892K, capacity 5084K, committed 5248K, reserved 1056768K
  class space    used 562K, capacity 622K, committed 640K, reserved 1048576K
Event: 1.822 GC heap after
Heap after GC invocations=5 (full 0):
 PSYoungGen      total 1536K, used 512K [0x0000000174180000, 0x0000000174580000, 0x000000019ec00000)
  eden space 1024K, 0% used [0x0000000174180000,0x0000000174180000,0x0000000174280000)
  from space 512K, 100% used [0x0000000174280000,0x0000000174300000,0x0000000174300000)
  to   space 1024K, 0% used [0x0000000174480000,0x0000000174480000,0x0000000174580000)
 ParOldGen       total 129536K, used 641K [0x000000011ec00000, 0x0000000126a80000, 0x0000000174180000)
  object space 129536K, 0% used [0x000000011ec00000,0x000000011eca06b8,0x0000000126a80000)
 Metaspace       used 4892K, capacity 5084K, committed 5248K, reserved 1056768K
  class space    used 562K, capacity 622K, committed 640K, reserved 1048576K
}
Event: 1.995 GC heap before
{Heap before GC invocations=6 (full 0):
 PSYoungGen      total 1536K, used 1461K [0x0000000174180000, 0x0000000174580000, 0x000000019ec00000)
  eden space 1024K, 92% used [0x0000000174180000,0x000000017426d420,0x0000000174280000)
  from space 512K, 100% used [0x0000000174280000,0x0000000174300000,0x0000000174300000)
  to   space 1024K, 0% used [0x0000000174480000,0x0000000174480000,0x0000000174580000)
 ParOldGen       total 129536K, used 641K [0x000000011ec00000, 0x0000000126a80000, 0x0000000174180000)
  object space 129536K, 0% used [0x000000011ec00000,0x000000011eca06b8,0x0000000126a80000)
 Metaspace       used 5366K, capacity 5524K, committed 5888K, reserved 1056768K
  class space    used 613K, capacity 658K, committed 768K, reserved 1048576K
Event: 1.999 GC heap after
Heap after GC invocations=6 (full 0):
 PSYoungGen      total 3072K, used 927K [0x0000000174180000, 0x0000000174580000, 0x000000019ec00000)
  eden space 2048K, 0% used [0x0000000174180000,0x0000000174180000,0x0000000174380000)
  from space 1024K, 90% used [0x0000000174480000,0x0000000174567c10,0x0000000174580000)
  to   space 1024K, 0% used [0x0000000174380000,0x0000000174380000,0x0000000174480000)
 ParOldGen       total 129536K, used 649K [0x000000011ec00000, 0x0000000126a80000, 0x0000000174180000)
  object space 129536K, 0% used [0x000000011ec00000,0x000000011eca26b8,0x0000000126a80000)
 Metaspace       used 5366K, capacity 5524K, committed 5888K, reserved 1056768K
  class space    used 613K, capacity 658K, committed 768K, reserved 1048576K
}
Event: 2.221 GC heap before
{Heap before GC invocations=7 (full 0):
 PSYoungGen      total 3072K, used 2973K [0x0000000174180000, 0x0000000174580000, 0x000000019ec00000)
  eden space 2048K, 99% used [0x0000000174180000,0x000000017437f930,0x0000000174380000)
  from space 1024K, 90% used [0x0000000174480000,0x0000000174567c10,0x0000000174580000)
  to   space 1024K, 0% used [0x0000000174380000,0x0000000174380000,0x0000000174480000)
 ParOldGen       total 129536K, used 649K [0x000000011ec00000, 0x0000000126a80000, 0x0000000174180000)
  object space 129536K, 0% used [0x000000011ec00000,0x000000011eca26b8,0x0000000126a80000)
 Metaspace       used 6377K, capacity 6487K, committed 6656K, reserved 1056768K
  class space    used 655K, capacity 690K, committed 768K, reserved 1048576K
Event: 2.225 GC heap after
Heap after GC invocations=7 (full 0):
 PSYoungGen      total 3072K, used 1010K [0x0000000174180000, 0x0000000174880000, 0x000000019ec00000)
  eden space 2048K, 0% used [0x0000000174180000,0x0000000174180000,0x0000000174380000)
  from space 1024K, 98% used [0x0000000174380000,0x000000017447c8f0,0x0000000174480000)
  to   space 1536K, 0% used [0x0000000174700000,0x0000000174700000,0x0000000174880000)
 ParOldGen       total 129536K, used 998K [0x000000011ec00000, 0x0000000126a80000, 0x0000000174180000)
  object space 129536K, 0% used [0x000000011ec00000,0x000000011ecf9928,0x0000000126a80000)
 Metaspace       used 6377K, capacity 6487K, committed 6656K, reserved 1056768K
  class space    used 655K, capacity 690K, committed 768K, reserved 1048576K
}
Event: 2.501 GC heap before
{Heap before GC invocations=8 (full 0):
 PSYoungGen      total 3072K, used 3058K [0x0000000174180000, 0x0000000174880000, 0x000000019ec00000)
  eden space 2048K, 100% used [0x0000000174180000,0x0000000174380000,0x0000000174380000)
  from space 1024K, 98% used [0x0000000174380000,0x000000017447c8f0,0x0000000174480000)
  to   space 1536K, 0% used [0x0000000174700000,0x0000000174700000,0x0000000174880000)
 ParOldGen       total 129536K, used 998K [0x000000011ec00000, 0x0000000126a80000, 0x0000000174180000)
  object space 129536K, 0% used [0x000000011ec00000,0x000000011ecf9928,0x0000000126a80000)
 Metaspace       used 7725K, capacity 7863K, committed 8064K, reserved 1056768K
  class space    used 811K, capacity 850K, committed 896K, reserved 1048576K
Event: 2.504 GC heap after
Heap after GC invocations=8 (full 0):
 PSYoungGen      total 5632K, used 1168K [0x0000000174180000, 0x0000000174880000, 0x000000019ec00000)
  eden space 4096K, 0% used [0x0000000174180000,0x0000000174180000,0x0000000174580000)
  from space 1536K, 76% used [0x0000000174700000,0x0000000174824010,0x0000000174880000)
  to   space 1536K, 0% used [0x0000000174580000,0x0000000174580000,0x0000000174700000)
 ParOldGen       total 129536K, used 1182K [0x000000011ec00000, 0x0000000126a80000, 0x0000000174180000)
  object space 129536K, 0% used [0x000000011ec00000,0x000000011ed27948,0x0000000126a80000)
 Metaspace       used 7725K, capacity 7863K, committed 8064K, reserved 1056768K
  class space    used 811K, capacity 850K, committed 896K, reserved 1048576K
}

