# JRE version: Java(TM) SE Runtime Environment (8.0_11-b12) (build 1.8.0_11-b12)
# Java VM: Java HotSpot(TM) 64-Bit Server VM (25.11-b03 mixed mode bsd-amd64 compressed oops)
Heap:
 PSYoungGen      total 14848K, used 8186K [0x0000000795580000, 0x0000000796e80000, 0x00000007c0000000)
  eden space 13312K, 51% used [0x0000000795580000,0x0000000795c3bbe0,0x0000000796280000)
  from space 1536K, 84% used [0x0000000796280000,0x00000007963c2fc0,0x0000000796400000)
  to   space 2048K, 0% used [0x0000000796c80000,0x0000000796c80000,0x0000000796e80000)
 ParOldGen       total 129536K, used 41659K [0x0000000740000000, 0x0000000747e80000, 0x0000000795580000)
  object space 129536K, 32% used [0x0000000740000000,0x00000007428aefc0,0x0000000747e80000)
 Metaspace       used 11016K, capacity 11159K, committed 11264K, reserved 1058816K
  class space    used 1182K, capacity 1218K, committed 1280K, reserved 1048576K
GC Heap History (10 events):
Event: 2.227 GC heap before
{Heap before GC invocations=7 (full 0):
 PSYoungGen      total 5632K, used 5215K [0x0000000795580000, 0x0000000795c80000, 0x00000007c0000000)
  eden space 4096K, 100% used [0x0000000795580000,0x0000000795980000,0x0000000795980000)
  from space 1536K, 72% used [0x0000000795b00000,0x0000000795c17f50,0x0000000795c80000)
  to   space 1536K, 0% used [0x0000000795980000,0x0000000795980000,0x0000000795b00000)
 ParOldGen       total 129536K, used 3403K [0x0000000740000000, 0x0000000747e80000, 0x0000000795580000)
  object space 129536K, 2% used [0x0000000740000000,0x0000000740352c08,0x0000000747e80000)
 Metaspace       used 7800K, capacity 7947K, committed 8064K, reserved 1056768K
  class space    used 830K, capacity 884K, committed 896K, reserved 1048576K
Event: 2.231 GC heap after
Heap after GC invocations=7 (full 0):
 PSYoungGen      total 5632K, used 1227K [0x0000000795580000, 0x0000000796080000, 0x00000007c0000000)
  eden space 4096K, 0% used [0x0000000795580000,0x0000000795580000,0x0000000795980000)
  from space 1536K, 79% used [0x0000000795980000,0x0000000795ab2e20,0x0000000795b00000)
  to   space 1536K, 0% used [0x0000000795f00000,0x0000000795f00000,0x0000000796080000)
 ParOldGen       total 129536K, used 3627K [0x0000000740000000, 0x0000000747e80000, 0x0000000795580000)
  object space 129536K, 2% used [0x0000000740000000,0x000000074038ac28,0x0000000747e80000)
 Metaspace       used 7800K, capacity 7947K, committed 8064K, reserved 1056768K
  class space    used 830K, capacity 884K, committed 896K, reserved 1048576K
}
Event: 2.552 GC heap before
{Heap before GC invocations=8 (full 0):
 PSYoungGen      total 5632K, used 5323K [0x0000000795580000, 0x0000000796080000, 0x00000007c0000000)
  eden space 4096K, 100% used [0x0000000795580000,0x0000000795980000,0x0000000795980000)
  from space 1536K, 79% used [0x0000000795980000,0x0000000795ab2e20,0x0000000795b00000)
  to   space 1536K, 0% used [0x0000000795f00000,0x0000000795f00000,0x0000000796080000)
 ParOldGen       total 129536K, used 12843K [0x0000000740000000, 0x0000000747e80000, 0x0000000795580000)
  object space 129536K, 9% used [0x0000000740000000,0x0000000740c8ac58,0x0000000747e80000)
 Metaspace       used 8875K, capacity 8981K, committed 9216K, reserved 1056768K
  class space    used 963K, capacity 1015K, committed 1024K, reserved 1048576K
Event: 2.555 GC heap after
Heap after GC invocations=8 (full 0):
 PSYoungGen      total 9728K, used 1141K [0x0000000795580000, 0x0000000796080000, 0x00000007c0000000)
  eden space 8192K, 0% used [0x0000000795580000,0x0000000795580000,0x0000000795d80000)
  from space 1536K, 74% used [0x0000000795f00000,0x000000079601d5c8,0x0000000796080000)
  to   space 1536K, 0% used [0x0000000795d80000,0x0000000795d80000,0x0000000795f00000)
 ParOldGen       total 129536K, used 13003K [0x0000000740000000, 0x0000000747e80000, 0x0000000795580000)
  object space 129536K, 10% used [0x0000000740000000,0x0000000740cb2c58,0x0000000747e80000)
 Metaspace       used 8875K, capacity 8981K, committed 9216K, reserved 1056768K
  class space    used 963K, capacity 1015K, committed 1024K, reserved 1048576K
}
Event: 2.592 GC heap before
{Heap before GC invocations=9 (full 0):
 PSYoungGen      total 9728K, used 9333K [0x0000000795580000, 0x0000000796080000, 0x00000007c0000000)
  eden space 8192K, 100% used [0x0000000795580000,0x0000000795d80000,0x0000000795d80000)
  from space 1536K, 74% used [0x0000000795f00000,0x000000079601d5c8,0x0000000796080000)
  to   space 1536K, 0% used [0x0000000795d80000,0x0000000795d80000,0x0000000795f00000)
 ParOldGen       total 129536K, used 13003K [0x0000000740000000, 0x0000000747e80000, 0x0000000795580000)
  object space 129536K, 10% used [0x0000000740000000,0x0000000740cb2c58,0x0000000747e80000)
 Metaspace       used 8875K, capacity 8981K, committed 9216K, reserved 1056768K
  class space    used 963K, capacity 1015K, committed 1024K, reserved 1048576K
Event: 2.595 GC heap after
Heap after GC invocations=9 (full 0):
 PSYoungGen      total 9728K, used 789K [0x0000000795580000, 0x0000000796580000, 0x00000007c0000000)
  eden space 8192K, 0% used [0x0000000795580000,0x0000000795580000,0x0000000795d80000)
  from space 1536K, 51% used [0x0000000795d80000,0x0000000795e455c8,0x0000000795f00000)
  to   space 1536K, 0% used [0x0000000796400000,0x0000000796400000,0x0000000796580000)
 ParOldGen       total 129536K, used 13337K [0x0000000740000000, 0x0000000747e80000, 0x0000000795580000)
  object space 129536K, 10% used [0x0000000740000000,0x0000000740d06528,0x0000000747e80000)
 Metaspace       used 8875K, capacity 8981K, committed 9216K, reserved 1056768K
  class space    used 963K, capacity 1015K, committed 1024K, reserved 1048576K
}
Event: 2.619 GC heap before
{Heap before GC invocations=10 (full 0):
 PSYoungGen      total 9728K, used 8981K [0x0000000795580000, 0x0000000796580000, 0x00000007c0000000)
  eden space 8192K, 100% used [0x0000000795580000,0x0000000795d80000,0x0000000795d80000)
  from space 1536K, 51% used [0x0000000795d80000,0x0000000795e455c8,0x0000000795f00000)
  to   space 1536K, 0% used [0x0000000796400000,0x0000000796400000,0x0000000796580000)
 ParOldGen       total 129536K, used 13337K [0x0000000740000000, 0x0000000747e80000, 0x0000000795580000)
  object space 129536K, 10% used [0x0000000740000000,0x0000000740d06528,0x0000000747e80000)
 Metaspace       used 8875K, capacity 8981K, committed 9216K, reserved 1056768K
  class space    used 963K, capacity 1015K, committed 1024K, reserved 1048576K
Event: 2.621 GC heap after
Heap after GC invocations=10 (full 0):
 PSYoungGen      total 14848K, used 0K [0x0000000795580000, 0x0000000796580000, 0x00000007c0000000)
  eden space 13312K, 0% used [0x0000000795580000,0x0000000795580000,0x0000000796280000)
  from space 1536K, 0% used [0x0000000796400000,0x0000000796400000,0x0000000796580000)
  to   space 1536K, 0% used [0x0000000796280000,0x0000000796280000,0x0000000796400000)
 ParOldGen       total 129536K, used 14070K [0x0000000740000000, 0x0000000747e80000, 0x0000000795580000)
  object space 129536K, 10% used [0x0000000740000000,0x0000000740dbdb10,0x0000000747e80000)
 Metaspace       used 8875K, capacity 8981K, committed 9216K, reserved 1056768K
  class space    used 963K, capacity 1015K, committed 1024K, reserved 1048576K
}
Event: 11.597 GC heap before
{Heap before GC invocations=11 (full 0):
 PSYoungGen      total 14848K, used 13232K [0x0000000795580000, 0x0000000796580000, 0x00000007c0000000)
  eden space 13312K, 99% used [0x0000000795580000,0x000000079626c060,0x0000000796280000)
  from space 1536K, 0% used [0x0000000796400000,0x0000000796400000,0x0000000796580000)
  to   space 1536K, 0% used [0x0000000796280000,0x0000000796280000,0x0000000796400000)
 ParOldGen       total 129536K, used 41587K [0x0000000740000000, 0x0000000747e80000, 0x0000000795580000)
  object space 129536K, 32% used [0x0000000740000000,0x000000074289cfb0,0x0000000747e80000)
 Metaspace       used 11007K, capacity 11159K, committed 11264K, reserved 1058816K
  class space    used 1181K, capacity 1218K, committed 1280K, reserved 1048576K
Event: 11.601 GC heap after
Heap after GC invocations=11 (full 0):
 PSYoungGen      total 14848K, used 1291K [0x0000000795580000, 0x0000000796e80000, 0x00000007c0000000)
  eden space 13312K, 0% used [0x0000000795580000,0x0000000795580000,0x0000000796280000)
  from space 1536K, 84% used [0x0000000796280000,0x00000007963c2fc0,0x0000000796400000)
  to   space 2048K, 0% used [0x0000000796c80000,0x0000000796c80000,0x0000000796e80000)
 ParOldGen       total 129536K, used 41659K [0x0000000740000000, 0x0000000747e80000, 0x0000000795580000)
  object space 129536K, 32% used [0x0000000740000000,0x00000007428aefc0,0x0000000747e80000)
 Metaspace       used 11007K, capacity 11159K, committed 11264K, reserved 1058816K
  class space    used 1181K, capacity 1218K, committed 1280K, reserved 1048576K
}

