# JRE version: Java(TM) SE Runtime Environment (8.0_11-b12) (build 1.8.0_11-b12)
# Java VM: Java HotSpot(TM) 64-Bit Server VM (25.11-b03 mixed mode bsd-amd64 compressed oops)
Heap:
 PSYoungGen      total 12288K, used 6113K [0x0000000795580000, 0x0000000796980000, 0x00000007c0000000)
  eden space 10240K, 59% used [0x0000000795580000,0x0000000795b78458,0x0000000795f80000)
  from space 2048K, 0% used [0x0000000795f80000,0x0000000795f80000,0x0000000796180000)
  to   space 2048K, 0% used [0x0000000796780000,0x0000000796780000,0x0000000796980000)
 ParOldGen       total 129536K, used 46197K [0x0000000740000000, 0x0000000747e80000, 0x0000000795580000)
  object space 129536K, 35% used [0x0000000740000000,0x0000000742d1d4d8,0x0000000747e80000)
 Metaspace       used 10659K, capacity 10809K, committed 11008K, reserved 1058816K
  class space    used 1137K, capacity 1175K, committed 1280K, reserved 1048576K
GC Heap History (10 events):
Event: 1.474 GC heap before
{Heap before GC invocations=9 (full 0):
 PSYoungGen      total 5120K, used 5097K [0x0000000795580000, 0x0000000795d80000, 0x00000007c0000000)
  eden space 3584K, 99% used [0x0000000795580000,0x00000007958fffe0,0x0000000795900000)
  from space 1536K, 98% used [0x0000000795b00000,0x0000000795c7a7e8,0x0000000795c80000)
  to   space 2048K, 0% used [0x0000000795900000,0x0000000795900000,0x0000000795b00000)
 ParOldGen       total 129536K, used 1033K [0x0000000740000000, 0x0000000747e80000, 0x0000000795580000)
  object space 129536K, 0% used [0x0000000740000000,0x00000007401024a8,0x0000000747e80000)
 Metaspace       used 7783K, capacity 7951K, committed 8064K, reserved 1056768K
  class space    used 830K, capacity 884K, committed 896K, reserved 1048576K
Event: 1.483 GC heap after
Heap after GC invocations=9 (full 0):
 PSYoungGen      total 5632K, used 1099K [0x0000000795580000, 0x0000000795f80000, 0x00000007c0000000)
  eden space 3584K, 0% used [0x0000000795580000,0x0000000795580000,0x0000000795900000)
  from space 2048K, 53% used [0x0000000795900000,0x0000000795a12e20,0x0000000795b00000)
  to   space 2048K, 0% used [0x0000000795d80000,0x0000000795d80000,0x0000000795f80000)
 ParOldGen       total 129536K, used 8361K [0x0000000740000000, 0x0000000747e80000, 0x0000000795580000)
  object space 129536K, 6% used [0x0000000740000000,0x000000074082a4e8,0x0000000747e80000)
 Metaspace       used 7783K, capacity 7951K, committed 8064K, reserved 1056768K
  class space    used 830K, capacity 884K, committed 896K, reserved 1048576K
}
Event: 1.804 GC heap before
{Heap before GC invocations=10 (full 0):
 PSYoungGen      total 5632K, used 4683K [0x0000000795580000, 0x0000000795f80000, 0x00000007c0000000)
  eden space 3584K, 100% used [0x0000000795580000,0x0000000795900000,0x0000000795900000)
  from space 2048K, 53% used [0x0000000795900000,0x0000000795a12e20,0x0000000795b00000)
  to   space 2048K, 0% used [0x0000000795d80000,0x0000000795d80000,0x0000000795f80000)
 ParOldGen       total 129536K, used 17577K [0x0000000740000000, 0x0000000747e80000, 0x0000000795580000)
  object space 129536K, 13% used [0x0000000740000000,0x000000074112a518,0x0000000747e80000)
 Metaspace       used 8850K, capacity 8985K, committed 9216K, reserved 1056768K
  class space    used 962K, capacity 1015K, committed 1024K, reserved 1048576K
Event: 1.807 GC heap after
Heap after GC invocations=10 (full 0):
 PSYoungGen      total 8192K, used 352K [0x0000000795580000, 0x0000000795f80000, 0x00000007c0000000)
  eden space 6144K, 0% used [0x0000000795580000,0x0000000795580000,0x0000000795b80000)
  from space 2048K, 17% used [0x0000000795d80000,0x0000000795dd8000,0x0000000795f80000)
  to   space 2048K, 0% used [0x0000000795b80000,0x0000000795b80000,0x0000000795d80000)
 ParOldGen       total 129536K, used 18424K [0x0000000740000000, 0x0000000747e80000, 0x0000000795580000)
  object space 129536K, 14% used [0x0000000740000000,0x00000007411fe038,0x0000000747e80000)
 Metaspace       used 8850K, capacity 8985K, committed 9216K, reserved 1056768K
  class space    used 962K, capacity 1015K, committed 1024K, reserved 1048576K
}
Event: 1.842 GC heap before
{Heap before GC invocations=11 (full 0):
 PSYoungGen      total 8192K, used 6496K [0x0000000795580000, 0x0000000795f80000, 0x00000007c0000000)
  eden space 6144K, 100% used [0x0000000795580000,0x0000000795b80000,0x0000000795b80000)
  from space 2048K, 17% used [0x0000000795d80000,0x0000000795dd8000,0x0000000795f80000)
  to   space 2048K, 0% used [0x0000000795b80000,0x0000000795b80000,0x0000000795d80000)
 ParOldGen       total 129536K, used 18424K [0x0000000740000000, 0x0000000747e80000, 0x0000000795580000)
  object space 129536K, 14% used [0x0000000740000000,0x00000007411fe038,0x0000000747e80000)
 Metaspace       used 8851K, capacity 8985K, committed 9216K, reserved 1056768K
  class space    used 962K, capacity 1015K, committed 1024K, reserved 1048576K
Event: 1.843 GC heap after
Heap after GC invocations=11 (full 0):
 PSYoungGen      total 8192K, used 0K [0x0000000795580000, 0x0000000796380000, 0x00000007c0000000)
  eden space 6144K, 0% used [0x0000000795580000,0x0000000795580000,0x0000000795b80000)
  from space 2048K, 0% used [0x0000000795b80000,0x0000000795b80000,0x0000000795d80000)
  to   space 2048K, 0% used [0x0000000796180000,0x0000000796180000,0x0000000796380000)
 ParOldGen       total 129536K, used 18680K [0x0000000740000000, 0x0000000747e80000, 0x0000000795580000)
  object space 129536K, 14% used [0x0000000740000000,0x000000074123e038,0x0000000747e80000)
 Metaspace       used 8851K, capacity 8985K, committed 9216K, reserved 1056768K
  class space    used 962K, capacity 1015K, committed 1024K, reserved 1048576K
}
Event: 1.860 GC heap before
{Heap before GC invocations=12 (full 0):
 PSYoungGen      total 8192K, used 6144K [0x0000000795580000, 0x0000000796380000, 0x00000007c0000000)
  eden space 6144K, 100% used [0x0000000795580000,0x0000000795b80000,0x0000000795b80000)
  from space 2048K, 0% used [0x0000000795b80000,0x0000000795b80000,0x0000000795d80000)
  to   space 2048K, 0% used [0x0000000796180000,0x0000000796180000,0x0000000796380000)
 ParOldGen       total 129536K, used 18680K [0x0000000740000000, 0x0000000747e80000, 0x0000000795580000)
  object space 129536K, 14% used [0x0000000740000000,0x000000074123e038,0x0000000747e80000)
 Metaspace       used 8851K, capacity 8985K, committed 9216K, reserved 1056768K
  class space    used 962K, capacity 1015K, committed 1024K, reserved 1048576K
Event: 1.861 GC heap after
Heap after GC invocations=12 (full 0):
 PSYoungGen      total 12288K, used 0K [0x0000000795580000, 0x0000000796380000, 0x00000007c0000000)
  eden space 10240K, 0% used [0x0000000795580000,0x0000000795580000,0x0000000795f80000)
  from space 2048K, 0% used [0x0000000796180000,0x0000000796180000,0x0000000796380000)
  to   space 2048K, 0% used [0x0000000795f80000,0x0000000795f80000,0x0000000796180000)
 ParOldGen       total 129536K, used 18680K [0x0000000740000000, 0x0000000747e80000, 0x0000000795580000)
  object space 129536K, 14% used [0x0000000740000000,0x000000074123e038,0x0000000747e80000)
 Metaspace       used 8851K, capacity 8985K, committed 9216K, reserved 1056768K
  class space    used 962K, capacity 1015K, committed 1024K, reserved 1048576K
}
Event: 1.892 GC heap before
{Heap before GC invocations=13 (full 0):
 PSYoungGen      total 12288K, used 10240K [0x0000000795580000, 0x0000000796380000, 0x00000007c0000000)
  eden space 10240K, 100% used [0x0000000795580000,0x0000000795f80000,0x0000000795f80000)
  from space 2048K, 0% used [0x0000000796180000,0x0000000796180000,0x0000000796380000)
  to   space 2048K, 0% used [0x0000000795f80000,0x0000000795f80000,0x0000000796180000)
 ParOldGen       total 129536K, used 18680K [0x0000000740000000, 0x0000000747e80000, 0x0000000795580000)
  object space 129536K, 14% used [0x0000000740000000,0x000000074123e038,0x0000000747e80000)
 Metaspace       used 8851K, capacity 8985K, committed 9216K, reserved 1056768K
  class space    used 962K, capacity 1015K, committed 1024K, reserved 1048576K
Event: 1.893 GC heap after
Heap after GC invocations=13 (full 0):
 PSYoungGen      total 12288K, used 0K [0x0000000795580000, 0x0000000796980000, 0x00000007c0000000)
  eden space 10240K, 0% used [0x0000000795580000,0x0000000795580000,0x0000000795f80000)
  from space 2048K, 0% used [0x0000000795f80000,0x0000000795f80000,0x0000000796180000)
  to   space 2048K, 0% used [0x0000000796780000,0x0000000796780000,0x0000000796980000)
 ParOldGen       total 129536K, used 18680K [0x0000000740000000, 0x0000000747e80000, 0x0000000795580000)
  object space 129536K, 14% used [0x0000000740000000,0x000000074123e038,0x0000000747e80000)
 Metaspace       used 8851K, capacity 8985K, committed 9216K, reserved 1056768K
  class space    used 962K, capacity 1015K, committed 1024K, reserved 1048576K
}

