# JRE version: Java(TM) SE Runtime Environment (8.0_11-b12) (build 1.8.0_11-b12)
# Java VM: Java HotSpot(TM) 64-Bit Server VM (25.11-b03 mixed mode bsd-amd64 compressed oops)
Heap:
 PSYoungGen      total 5632K, used 2698K [0x0000000795580000, 0x0000000795f00000, 0x00000007c0000000)
  eden space 4096K, 32% used [0x0000000795580000,0x00000007956c9260,0x0000000795980000)
  from space 1536K, 89% used [0x0000000795980000,0x0000000795ad9868,0x0000000795b00000)
  to   space 1536K, 0% used [0x0000000795d80000,0x0000000795d80000,0x0000000795f00000)
 ParOldGen       total 129536K, used 28906K [0x0000000740000000, 0x0000000747e80000, 0x0000000795580000)
  object space 129536K, 22% used [0x0000000740000000,0x0000000741c3aa00,0x0000000747e80000)
 Metaspace       used 8240K, capacity 8343K, committed 8576K, reserved 1056768K
  class space    used 850K, capacity 882K, committed 896K, reserved 1048576K
GC Heap History (10 events):
Event: 0.659 GC heap before
{Heap before GC invocations=5 (full 0):
 PSYoungGen      total 1536K, used 1520K [0x0000000795580000, 0x0000000795780000, 0x00000007c0000000)
  eden space 1024K, 99% used [0x0000000795580000,0x000000079567fff8,0x0000000795680000)
  from space 512K, 96% used [0x0000000795700000,0x000000079577c010,0x0000000795780000)
  to   space 512K, 0% used [0x0000000795680000,0x0000000795680000,0x0000000795700000)
 ParOldGen       total 129536K, used 404K [0x0000000740000000, 0x0000000747e80000, 0x0000000795580000)
  object space 129536K, 0% used [0x0000000740000000,0x0000000740065020,0x0000000747e80000)
 Metaspace       used 4934K, capacity 5092K, committed 5248K, reserved 1056768K
  class space    used 560K, capacity 626K, committed 640K, reserved 1048576K
Event: 0.661 GC heap after
Heap after GC invocations=5 (full 0):
 PSYoungGen      total 1536K, used 496K [0x0000000795580000, 0x0000000795980000, 0x00000007c0000000)
  eden space 1024K, 0% used [0x0000000795580000,0x0000000795580000,0x0000000795680000)
  from space 512K, 96% used [0x0000000795680000,0x00000007956fc010,0x0000000795700000)
  to   space 1024K, 0% used [0x0000000795880000,0x0000000795880000,0x0000000795980000)
 ParOldGen       total 129536K, used 692K [0x0000000740000000, 0x0000000747e80000, 0x0000000795580000)
  object space 129536K, 0% used [0x0000000740000000,0x00000007400ad188,0x0000000747e80000)
 Metaspace       used 4934K, capacity 5092K, committed 5248K, reserved 1056768K
  class space    used 560K, capacity 626K, committed 640K, reserved 1048576K
}
Event: 1.155 GC heap before
{Heap before GC invocations=6 (full 0):
 PSYoungGen      total 1536K, used 1520K [0x0000000795580000, 0x0000000795980000, 0x00000007c0000000)
  eden space 1024K, 100% used [0x0000000795580000,0x0000000795680000,0x0000000795680000)
  from space 512K, 96% used [0x0000000795680000,0x00000007956fc010,0x0000000795700000)
  to   space 1024K, 0% used [0x0000000795880000,0x0000000795880000,0x0000000795980000)
 ParOldGen       total 129536K, used 28209K [0x0000000740000000, 0x0000000747e80000, 0x0000000795580000)
  object space 129536K, 21% used [0x0000000740000000,0x0000000741b8c628,0x0000000747e80000)
 Metaspace       used 5423K, capacity 5524K, committed 5888K, reserved 1056768K
  class space    used 615K, capacity 658K, committed 768K, reserved 1048576K
Event: 1.158 GC heap after
Heap after GC invocations=6 (full 0):
 PSYoungGen      total 3072K, used 763K [0x0000000795580000, 0x0000000795980000, 0x00000007c0000000)
  eden space 2048K, 0% used [0x0000000795580000,0x0000000795580000,0x0000000795780000)
  from space 1024K, 74% used [0x0000000795880000,0x000000079593efd0,0x0000000795980000)
  to   space 1024K, 0% used [0x0000000795780000,0x0000000795780000,0x0000000795880000)
 ParOldGen       total 129536K, used 28217K [0x0000000740000000, 0x0000000747e80000, 0x0000000795580000)
  object space 129536K, 21% used [0x0000000740000000,0x0000000741b8e628,0x0000000747e80000)
 Metaspace       used 5423K, capacity 5524K, committed 5888K, reserved 1056768K
  class space    used 615K, capacity 658K, committed 768K, reserved 1048576K
}
Event: 1.443 GC heap before
{Heap before GC invocations=7 (full 0):
 PSYoungGen      total 3072K, used 2811K [0x0000000795580000, 0x0000000795980000, 0x00000007c0000000)
  eden space 2048K, 100% used [0x0000000795580000,0x0000000795780000,0x0000000795780000)
  from space 1024K, 74% used [0x0000000795880000,0x000000079593efd0,0x0000000795980000)
  to   space 1024K, 0% used [0x0000000795780000,0x0000000795780000,0x0000000795880000)
 ParOldGen       total 129536K, used 28217K [0x0000000740000000, 0x0000000747e80000, 0x0000000795580000)
  object space 129536K, 21% used [0x0000000740000000,0x0000000741b8e628,0x0000000747e80000)
 Metaspace       used 6420K, capacity 6487K, committed 6656K, reserved 1056768K
  class space    used 661K, capacity 690K, committed 768K, reserved 1048576K
Event: 1.447 GC heap after
Heap after GC invocations=7 (full 0):
 PSYoungGen      total 3072K, used 1001K [0x0000000795580000, 0x0000000795c80000, 0x00000007c0000000)
  eden space 2048K, 0% used [0x0000000795580000,0x0000000795580000,0x0000000795780000)
  from space 1024K, 97% used [0x0000000795780000,0x000000079587a6f8,0x0000000795880000)
  to   space 1536K, 0% used [0x0000000795b00000,0x0000000795b00000,0x0000000795c80000)
 ParOldGen       total 129536K, used 28473K [0x0000000740000000, 0x0000000747e80000, 0x0000000795580000)
  object space 129536K, 21% used [0x0000000740000000,0x0000000741bce678,0x0000000747e80000)
 Metaspace       used 6420K, capacity 6487K, committed 6656K, reserved 1056768K
  class space    used 661K, capacity 690K, committed 768K, reserved 1048576K
}
Event: 1.598 GC heap before
{Heap before GC invocations=8 (full 0):
 PSYoungGen      total 3072K, used 3042K [0x0000000795580000, 0x0000000795c80000, 0x00000007c0000000)
  eden space 2048K, 99% used [0x0000000795580000,0x000000079577e3c0,0x0000000795780000)
  from space 1024K, 97% used [0x0000000795780000,0x000000079587a6f8,0x0000000795880000)
  to   space 1536K, 0% used [0x0000000795b00000,0x0000000795b00000,0x0000000795c80000)
 ParOldGen       total 129536K, used 28473K [0x0000000740000000, 0x0000000747e80000, 0x0000000795580000)
  object space 129536K, 21% used [0x0000000740000000,0x0000000741bce678,0x0000000747e80000)
 Metaspace       used 8030K, capacity 8151K, committed 8320K, reserved 1056768K
  class space    used 834K, capacity 882K, committed 896K, reserved 1048576K
Event: 1.601 GC heap after
Heap after GC invocations=8 (full 0):
 PSYoungGen      total 5632K, used 1131K [0x0000000795580000, 0x0000000795c80000, 0x00000007c0000000)
  eden space 4096K, 0% used [0x0000000795580000,0x0000000795580000,0x0000000795980000)
  from space 1536K, 73% used [0x0000000795b00000,0x0000000795c1ac00,0x0000000795c80000)
  to   space 1536K, 0% used [0x0000000795980000,0x0000000795980000,0x0000000795b00000)
 ParOldGen       total 129536K, used 28653K [0x0000000740000000, 0x0000000747e80000, 0x0000000795580000)
  object space 129536K, 22% used [0x0000000740000000,0x0000000741bfb6a8,0x0000000747e80000)
 Metaspace       used 8030K, capacity 8151K, committed 8320K, reserved 1056768K
  class space    used 834K, capacity 882K, committed 896K, reserved 1048576K
}
Event: 2.913 GC heap before
{Heap before GC invocations=9 (full 0):
 PSYoungGen      total 5632K, used 5227K [0x0000000795580000, 0x0000000795c80000, 0x00000007c0000000)
  eden space 4096K, 100% used [0x0000000795580000,0x0000000795980000,0x0000000795980000)
  from space 1536K, 73% used [0x0000000795b00000,0x0000000795c1ac00,0x0000000795c80000)
  to   space 1536K, 0% used [0x0000000795980000,0x0000000795980000,0x0000000795b00000)
 ParOldGen       total 129536K, used 28653K [0x0000000740000000, 0x0000000747e80000, 0x0000000795580000)
  object space 129536K, 22% used [0x0000000740000000,0x0000000741bfb6a8,0x0000000747e80000)
 Metaspace       used 8225K, capacity 8343K, committed 8576K, reserved 1056768K
  class space    used 850K, capacity 882K, committed 896K, reserved 1048576K
Event: 2.916 GC heap after
Heap after GC invocations=9 (full 0):
 PSYoungGen      total 5632K, used 1382K [0x0000000795580000, 0x0000000795f00000, 0x00000007c0000000)
  eden space 4096K, 0% used [0x0000000795580000,0x0000000795580000,0x0000000795980000)
  from space 1536K, 89% used [0x0000000795980000,0x0000000795ad9868,0x0000000795b00000)
  to   space 1536K, 0% used [0x0000000795d80000,0x0000000795d80000,0x0000000795f00000)
 ParOldGen       total 129536K, used 28906K [0x0000000740000000, 0x0000000747e80000, 0x0000000795580000)
  object space 129536K, 22% used [0x0000000740000000,0x0000000741c3aa00,0x0000000747e80000)
 Metaspace       used 8225K, capacity 8343K, committed 8576K, reserved 1056768K
  class space    used 850K, capacity 882K, committed 896K, reserved 1048576K
}

