# JRE version: Java(TM) SE Runtime Environment (8.0_11-b12) (build 1.8.0_11-b12)
# Java VM: Java HotSpot(TM) 64-Bit Server VM (25.11-b03 mixed mode bsd-amd64 compressed oops)
Heap:
 PSYoungGen      total 5632K, used 3402K [0x0000000795580000, 0x0000000795c80000, 0x00000007c0000000)
  eden space 4096K, 56% used [0x0000000795580000,0x00000007957c1158,0x0000000795980000)
  from space 1536K, 71% used [0x0000000795b00000,0x0000000795c11868,0x0000000795c80000)
  to   space 1536K, 0% used [0x0000000795980000,0x0000000795980000,0x0000000795b00000)
 ParOldGen       total 129536K, used 1249K [0x0000000740000000, 0x0000000747e80000, 0x0000000795580000)
  object space 129536K, 0% used [0x0000000740000000,0x0000000740138728,0x0000000747e80000)
 Metaspace       used 7852K, capacity 8023K, committed 8064K, reserved 1056768K
  class space    used 821K, capacity 882K, committed 896K, reserved 1048576K
GC Heap History (10 events):
Event: 1.668 GC heap before
{Heap before GC invocations=4 (full 0):
 PSYoungGen      total 1024K, used 1008K [0x0000000795580000, 0x0000000795780000, 0x00000007c0000000)
  eden space 512K, 100% used [0x0000000795580000,0x0000000795600000,0x0000000795600000)
  from space 512K, 96% used [0x0000000795600000,0x000000079567c010,0x0000000795680000)
  to   space 512K, 0% used [0x0000000795700000,0x0000000795700000,0x0000000795780000)
 ParOldGen       total 129536K, used 249K [0x0000000740000000, 0x0000000747e80000, 0x0000000795580000)
  object space 129536K, 0% used [0x0000000740000000,0x000000074003e698,0x0000000747e80000)
 Metaspace       used 4264K, capacity 4864K, committed 5120K, reserved 1056768K
  class space    used 468K, capacity 496K, committed 512K, reserved 1048576K
Event: 1.670 GC heap after
Heap after GC invocations=4 (full 0):
 PSYoungGen      total 1536K, used 480K [0x0000000795580000, 0x0000000795780000, 0x00000007c0000000)
  eden space 1024K, 0% used [0x0000000795580000,0x0000000795580000,0x0000000795680000)
  from space 512K, 93% used [0x0000000795700000,0x0000000795778020,0x0000000795780000)
  to   space 512K, 0% used [0x0000000795680000,0x0000000795680000,0x0000000795700000)
 ParOldGen       total 129536K, used 452K [0x0000000740000000, 0x0000000747e80000, 0x0000000795580000)
  object space 129536K, 0% used [0x0000000740000000,0x0000000740071020,0x0000000747e80000)
 Metaspace       used 4264K, capacity 4864K, committed 5120K, reserved 1056768K
  class space    used 468K, capacity 496K, committed 512K, reserved 1048576K
}
Event: 1.715 GC heap before
{Heap before GC invocations=5 (full 0):
 PSYoungGen      total 1536K, used 1504K [0x0000000795580000, 0x0000000795780000, 0x00000007c0000000)
  eden space 1024K, 100% used [0x0000000795580000,0x0000000795680000,0x0000000795680000)
  from space 512K, 93% used [0x0000000795700000,0x0000000795778020,0x0000000795780000)
  to   space 512K, 0% used [0x0000000795680000,0x0000000795680000,0x0000000795700000)
 ParOldGen       total 129536K, used 452K [0x0000000740000000, 0x0000000747e80000, 0x0000000795580000)
  object space 129536K, 0% used [0x0000000740000000,0x0000000740071020,0x0000000747e80000)
 Metaspace       used 4854K, capacity 5044K, committed 5248K, reserved 1056768K
  class space    used 554K, capacity 586K, committed 640K, reserved 1048576K
Event: 1.717 GC heap after
Heap after GC invocations=5 (full 0):
 PSYoungGen      total 1536K, used 512K [0x0000000795580000, 0x0000000795980000, 0x00000007c0000000)
  eden space 1024K, 0% used [0x0000000795580000,0x0000000795580000,0x0000000795680000)
  from space 512K, 100% used [0x0000000795680000,0x0000000795700000,0x0000000795700000)
  to   space 1024K, 0% used [0x0000000795880000,0x0000000795880000,0x0000000795980000)
 ParOldGen       total 129536K, used 701K [0x0000000740000000, 0x0000000747e80000, 0x0000000795580000)
  object space 129536K, 0% used [0x0000000740000000,0x00000007400af6a8,0x0000000747e80000)
 Metaspace       used 4854K, capacity 5044K, committed 5248K, reserved 1056768K
  class space    used 554K, capacity 586K, committed 640K, reserved 1048576K
}
Event: 1.900 GC heap before
{Heap before GC invocations=6 (full 0):
 PSYoungGen      total 1536K, used 1460K [0x0000000795580000, 0x0000000795980000, 0x00000007c0000000)
  eden space 1024K, 92% used [0x0000000795580000,0x000000079566d0c8,0x0000000795680000)
  from space 512K, 100% used [0x0000000795680000,0x0000000795700000,0x0000000795700000)
  to   space 1024K, 0% used [0x0000000795880000,0x0000000795880000,0x0000000795980000)
 ParOldGen       total 129536K, used 701K [0x0000000740000000, 0x0000000747e80000, 0x0000000795580000)
  object space 129536K, 0% used [0x0000000740000000,0x00000007400af6a8,0x0000000747e80000)
 Metaspace       used 5373K, capacity 5524K, committed 5888K, reserved 1056768K
  class space    used 613K, capacity 658K, committed 768K, reserved 1048576K
Event: 1.902 GC heap after
Heap after GC invocations=6 (full 0):
 PSYoungGen      total 3072K, used 927K [0x0000000795580000, 0x0000000795980000, 0x00000007c0000000)
  eden space 2048K, 0% used [0x0000000795580000,0x0000000795580000,0x0000000795780000)
  from space 1024K, 90% used [0x0000000795880000,0x0000000795967c10,0x0000000795980000)
  to   space 1024K, 0% used [0x0000000795780000,0x0000000795780000,0x0000000795880000)
 ParOldGen       total 129536K, used 709K [0x0000000740000000, 0x0000000747e80000, 0x0000000795580000)
  object space 129536K, 0% used [0x0000000740000000,0x00000007400b16a8,0x0000000747e80000)
 Metaspace       used 5373K, capacity 5524K, committed 5888K, reserved 1056768K
  class space    used 613K, capacity 658K, committed 768K, reserved 1048576K
}
Event: 2.102 GC heap before
{Heap before GC invocations=7 (full 0):
 PSYoungGen      total 3072K, used 2967K [0x0000000795580000, 0x0000000795980000, 0x00000007c0000000)
  eden space 2048K, 99% used [0x0000000795580000,0x000000079577e1a8,0x0000000795780000)
  from space 1024K, 90% used [0x0000000795880000,0x0000000795967c10,0x0000000795980000)
  to   space 1024K, 0% used [0x0000000795780000,0x0000000795780000,0x0000000795880000)
 ParOldGen       total 129536K, used 709K [0x0000000740000000, 0x0000000747e80000, 0x0000000795580000)
  object space 129536K, 0% used [0x0000000740000000,0x00000007400b16a8,0x0000000747e80000)
 Metaspace       used 6379K, capacity 6487K, committed 6656K, reserved 1056768K
  class space    used 655K, capacity 690K, committed 768K, reserved 1048576K
Event: 2.105 GC heap after
Heap after GC invocations=7 (full 0):
 PSYoungGen      total 3072K, used 996K [0x0000000795580000, 0x0000000795c80000, 0x00000007c0000000)
  eden space 2048K, 0% used [0x0000000795580000,0x0000000795580000,0x0000000795780000)
  from space 1024K, 97% used [0x0000000795780000,0x00000007958792e8,0x0000000795880000)
  to   space 1536K, 0% used [0x0000000795b00000,0x0000000795b00000,0x0000000795c80000)
 ParOldGen       total 129536K, used 1061K [0x0000000740000000, 0x0000000747e80000, 0x0000000795580000)
  object space 129536K, 0% used [0x0000000740000000,0x00000007401096f8,0x0000000747e80000)
 Metaspace       used 6379K, capacity 6487K, committed 6656K, reserved 1056768K
  class space    used 655K, capacity 690K, committed 768K, reserved 1048576K
}
Event: 2.298 GC heap before
{Heap before GC invocations=8 (full 0):
 PSYoungGen      total 3072K, used 3044K [0x0000000795580000, 0x0000000795c80000, 0x00000007c0000000)
  eden space 2048K, 100% used [0x0000000795580000,0x0000000795780000,0x0000000795780000)
  from space 1024K, 97% used [0x0000000795780000,0x00000007958792e8,0x0000000795880000)
  to   space 1536K, 0% used [0x0000000795b00000,0x0000000795b00000,0x0000000795c80000)
 ParOldGen       total 129536K, used 1061K [0x0000000740000000, 0x0000000747e80000, 0x0000000795580000)
  object space 129536K, 0% used [0x0000000740000000,0x00000007401096f8,0x0000000747e80000)
 Metaspace       used 7727K, capacity 7863K, committed 8064K, reserved 1056768K
  class space    used 811K, capacity 850K, committed 896K, reserved 1048576K
Event: 2.300 GC heap after
Heap after GC invocations=8 (full 0):
 PSYoungGen      total 5632K, used 1094K [0x0000000795580000, 0x0000000795c80000, 0x00000007c0000000)
  eden space 4096K, 0% used [0x0000000795580000,0x0000000795580000,0x0000000795980000)
  from space 1536K, 71% used [0x0000000795b00000,0x0000000795c11868,0x0000000795c80000)
  to   space 1536K, 0% used [0x0000000795980000,0x0000000795980000,0x0000000795b00000)
 ParOldGen       total 129536K, used 1249K [0x0000000740000000, 0x0000000747e80000, 0x0000000795580000)
  object space 129536K, 0% used [0x0000000740000000,0x0000000740138728,0x0000000747e80000)
 Metaspace       used 7727K, capacity 7863K, committed 8064K, reserved 1056768K
  class space    used 811K, capacity 850K, committed 896K, reserved 1048576K
}

