# JRE version: Java(TM) SE Runtime Environment (8.0_11-b12) (build 1.8.0_11-b12)
# Java VM: Java HotSpot(TM) 64-Bit Server VM (25.11-b03 mixed mode bsd-amd64 compressed oops)
Heap:
 PSYoungGen      total 18432K, used 3883K [0x0000000169380000, 0x000000016a880000, 0x0000000193e00000)
  eden space 16896K, 14% used [0x0000000169380000,0x00000001695f4020,0x000000016a400000)
  from space 1536K, 89% used [0x000000016a600000,0x000000016a756fc0,0x000000016a780000)
  to   space 2048K, 0% used [0x000000016a400000,0x000000016a400000,0x000000016a600000)
 ParOldGen       total 129536K, used 67567K [0x0000000113e00000, 0x000000011bc80000, 0x0000000169380000)
  object space 129536K, 52% used [0x0000000113e00000,0x0000000117ffbe50,0x000000011bc80000)
 Metaspace       used 10627K, capacity 10693K, committed 11008K, reserved 1058816K
  class space    used 1139K, capacity 1175K, committed 1280K, reserved 1048576K
GC Heap History (10 events):
Event: 1.433 GC heap before
{Heap before GC invocations=10 (full 0):
 PSYoungGen      total 5632K, used 5159K [0x0000000169380000, 0x0000000169d00000, 0x0000000193e00000)
  eden space 4096K, 100% used [0x0000000169380000,0x0000000169780000,0x0000000169780000)
  from space 1536K, 69% used [0x0000000169780000,0x0000000169889eb8,0x0000000169900000)
  to   space 1536K, 0% used [0x0000000169b80000,0x0000000169b80000,0x0000000169d00000)
 ParOldGen       total 129536K, used 8227K [0x0000000113e00000, 0x000000011bc80000, 0x0000000169380000)
  object space 129536K, 6% used [0x0000000113e00000,0x0000000114608ca8,0x000000011bc80000)
 Metaspace       used 8146K, capacity 8261K, committed 8448K, reserved 1056768K
  class space    used 870K, capacity 919K, committed 1024K, reserved 1048576K
Event: 1.441 GC heap after
Heap after GC invocations=10 (full 0):
 PSYoungGen      total 8192K, used 288K [0x0000000169380000, 0x0000000169d00000, 0x0000000193e00000)
  eden space 6656K, 0% used [0x0000000169380000,0x0000000169380000,0x0000000169a00000)
  from space 1536K, 18% used [0x0000000169b80000,0x0000000169bc8000,0x0000000169d00000)
  to   space 1536K, 0% used [0x0000000169a00000,0x0000000169a00000,0x0000000169b80000)
 ParOldGen       total 129536K, used 18242K [0x0000000113e00000, 0x000000011bc80000, 0x0000000169380000)
  object space 129536K, 14% used [0x0000000113e00000,0x0000000114fd0940,0x000000011bc80000)
 Metaspace       used 8146K, capacity 8261K, committed 8448K, reserved 1056768K
  class space    used 870K, capacity 919K, committed 1024K, reserved 1048576K
}
Event: 1.653 GC heap before
{Heap before GC invocations=11 (full 0):
 PSYoungGen      total 8192K, used 6944K [0x0000000169380000, 0x0000000169d00000, 0x0000000193e00000)
  eden space 6656K, 100% used [0x0000000169380000,0x0000000169a00000,0x0000000169a00000)
  from space 1536K, 18% used [0x0000000169b80000,0x0000000169bc8000,0x0000000169d00000)
  to   space 1536K, 0% used [0x0000000169a00000,0x0000000169a00000,0x0000000169b80000)
 ParOldGen       total 129536K, used 18242K [0x0000000113e00000, 0x000000011bc80000, 0x0000000169380000)
  object space 129536K, 14% used [0x0000000113e00000,0x0000000114fd0940,0x000000011bc80000)
 Metaspace       used 8837K, capacity 8997K, committed 9216K, reserved 1056768K
  class space    used 964K, capacity 1015K, committed 1024K, reserved 1048576K
Event: 1.669 GC heap after
Heap after GC invocations=11 (full 0):
 PSYoungGen      total 8192K, used 192K [0x0000000169380000, 0x000000016a100000, 0x0000000193e00000)
  eden space 6656K, 0% used [0x0000000169380000,0x0000000169380000,0x0000000169a00000)
  from space 1536K, 12% used [0x0000000169a00000,0x0000000169a30000,0x0000000169b80000)
  to   space 1536K, 0% used [0x0000000169f80000,0x0000000169f80000,0x000000016a100000)
 ParOldGen       total 129536K, used 39930K [0x0000000113e00000, 0x000000011bc80000, 0x0000000169380000)
  object space 129536K, 30% used [0x0000000113e00000,0x00000001164fe9b0,0x000000011bc80000)
 Metaspace       used 8837K, capacity 8997K, committed 9216K, reserved 1056768K
  class space    used 964K, capacity 1015K, committed 1024K, reserved 1048576K
}
Event: 1.712 GC heap before
{Heap before GC invocations=12 (full 0):
 PSYoungGen      total 8192K, used 6848K [0x0000000169380000, 0x000000016a100000, 0x0000000193e00000)
  eden space 6656K, 100% used [0x0000000169380000,0x0000000169a00000,0x0000000169a00000)
  from space 1536K, 12% used [0x0000000169a00000,0x0000000169a30000,0x0000000169b80000)
  to   space 1536K, 0% used [0x0000000169f80000,0x0000000169f80000,0x000000016a100000)
 ParOldGen       total 129536K, used 39930K [0x0000000113e00000, 0x000000011bc80000, 0x0000000169380000)
  object space 129536K, 30% used [0x0000000113e00000,0x00000001164fe9b0,0x000000011bc80000)
 Metaspace       used 8838K, capacity 8997K, committed 9216K, reserved 1056768K
  class space    used 964K, capacity 1015K, committed 1024K, reserved 1048576K
Event: 1.713 GC heap after
Heap after GC invocations=12 (full 0):
 PSYoungGen      total 12288K, used 0K [0x0000000169380000, 0x000000016a100000, 0x0000000193e00000)
  eden space 10752K, 0% used [0x0000000169380000,0x0000000169380000,0x0000000169e00000)
  from space 1536K, 0% used [0x0000000169f80000,0x0000000169f80000,0x000000016a100000)
  to   space 1536K, 0% used [0x0000000169e00000,0x0000000169e00000,0x0000000169f80000)
 ParOldGen       total 129536K, used 40042K [0x0000000113e00000, 0x000000011bc80000, 0x0000000169380000)
  object space 129536K, 30% used [0x0000000113e00000,0x000000011651a9b0,0x000000011bc80000)
 Metaspace       used 8838K, capacity 8997K, committed 9216K, reserved 1056768K
  class space    used 964K, capacity 1015K, committed 1024K, reserved 1048576K
}
Event: 1.751 GC heap before
{Heap before GC invocations=13 (full 0):
 PSYoungGen      total 12288K, used 10752K [0x0000000169380000, 0x000000016a100000, 0x0000000193e00000)
  eden space 10752K, 100% used [0x0000000169380000,0x0000000169e00000,0x0000000169e00000)
  from space 1536K, 0% used [0x0000000169f80000,0x0000000169f80000,0x000000016a100000)
  to   space 1536K, 0% used [0x0000000169e00000,0x0000000169e00000,0x0000000169f80000)
 ParOldGen       total 129536K, used 40042K [0x0000000113e00000, 0x000000011bc80000, 0x0000000169380000)
  object space 129536K, 30% used [0x0000000113e00000,0x000000011651a9b0,0x000000011bc80000)
 Metaspace       used 8838K, capacity 8997K, committed 9216K, reserved 1056768K
  class space    used 964K, capacity 1015K, committed 1024K, reserved 1048576K
Event: 1.752 GC heap after
Heap after GC invocations=13 (full 0):
 PSYoungGen      total 12288K, used 0K [0x0000000169380000, 0x000000016a780000, 0x0000000193e00000)
  eden space 10752K, 0% used [0x0000000169380000,0x0000000169380000,0x0000000169e00000)
  from space 1536K, 0% used [0x0000000169e00000,0x0000000169e00000,0x0000000169f80000)
  to   space 1536K, 0% used [0x000000016a600000,0x000000016a600000,0x000000016a780000)
 ParOldGen       total 129536K, used 40042K [0x0000000113e00000, 0x000000011bc80000, 0x0000000169380000)
  object space 129536K, 30% used [0x0000000113e00000,0x000000011651a9b0,0x000000011bc80000)
 Metaspace       used 8838K, capacity 8997K, committed 9216K, reserved 1056768K
  class space    used 964K, capacity 1015K, committed 1024K, reserved 1048576K
}
Event: 2.591 GC heap before
{Heap before GC invocations=14 (full 0):
 PSYoungGen      total 12288K, used 10752K [0x0000000169380000, 0x000000016a780000, 0x0000000193e00000)
  eden space 10752K, 100% used [0x0000000169380000,0x0000000169e00000,0x0000000169e00000)
  from space 1536K, 0% used [0x0000000169e00000,0x0000000169e00000,0x0000000169f80000)
  to   space 1536K, 0% used [0x000000016a600000,0x000000016a600000,0x000000016a780000)
 ParOldGen       total 129536K, used 67559K [0x0000000113e00000, 0x000000011bc80000, 0x0000000169380000)
  object space 129536K, 52% used [0x0000000113e00000,0x0000000117ff9e50,0x000000011bc80000)
 Metaspace       used 10454K, capacity 10565K, committed 10752K, reserved 1058816K
  class space    used 1132K, capacity 1175K, committed 1280K, reserved 1048576K
Event: 2.594 GC heap after
Heap after GC invocations=14 (full 0):
 PSYoungGen      total 18432K, used 1371K [0x0000000169380000, 0x000000016a880000, 0x0000000193e00000)
  eden space 16896K, 0% used [0x0000000169380000,0x0000000169380000,0x000000016a400000)
  from space 1536K, 89% used [0x000000016a600000,0x000000016a756fc0,0x000000016a780000)
  to   space 2048K, 0% used [0x000000016a400000,0x000000016a400000,0x000000016a600000)
 ParOldGen       total 129536K, used 67567K [0x0000000113e00000, 0x000000011bc80000, 0x0000000169380000)
  object space 129536K, 52% used [0x0000000113e00000,0x0000000117ffbe50,0x000000011bc80000)
 Metaspace       used 10454K, capacity 10565K, committed 10752K, reserved 1058816K
  class space    used 1132K, capacity 1175K, committed 1280K, reserved 1048576K
}

