# JRE version: Java(TM) SE Runtime Environment (8.0_11-b12) (build 1.8.0_11-b12)
# Java VM: Java HotSpot(TM) 64-Bit Server VM (25.11-b03 mixed mode bsd-amd64 compressed oops)
Heap:
 PSYoungGen      total 12288K, used 3289K [0x0000000795580000, 0x0000000796980000, 0x00000007c0000000)
  eden space 10752K, 27% used [0x0000000795580000,0x00000007958576e0,0x0000000796000000)
  from space 1536K, 24% used [0x0000000796000000,0x000000079605efb0,0x0000000796180000)
  to   space 1536K, 0% used [0x0000000796800000,0x0000000796800000,0x0000000796980000)
 ParOldGen       total 129536K, used 46138K [0x0000000740000000, 0x0000000747e80000, 0x0000000795580000)
  object space 129536K, 35% used [0x0000000740000000,0x0000000742d0e8b8,0x0000000747e80000)
 Metaspace       used 10535K, capacity 10677K, committed 11008K, reserved 1058816K
  class space    used 1136K, capacity 1175K, committed 1280K, reserved 1048576K
GC Heap History (10 events):
Event: 1.420 GC heap before
{Heap before GC invocations=9 (full 0):
 PSYoungGen      total 5632K, used 5160K [0x0000000795580000, 0x0000000795c80000, 0x00000007c0000000)
  eden space 4096K, 100% used [0x0000000795580000,0x0000000795980000,0x0000000795980000)
  from space 1536K, 69% used [0x0000000795b00000,0x0000000795c0a300,0x0000000795c80000)
  to   space 1536K, 0% used [0x0000000795980000,0x0000000795980000,0x0000000795b00000)
 ParOldGen       total 129536K, used 977K [0x0000000740000000, 0x0000000747e80000, 0x0000000795580000)
  object space 129536K, 0% used [0x0000000740000000,0x00000007400f4740,0x0000000747e80000)
 Metaspace       used 7770K, capacity 7883K, committed 8064K, reserved 1056768K
  class space    used 830K, capacity 884K, committed 896K, reserved 1048576K
Event: 1.430 GC heap after
Heap after GC invocations=9 (full 0):
 PSYoungGen      total 5632K, used 1099K [0x0000000795580000, 0x0000000795f00000, 0x00000007c0000000)
  eden space 4096K, 0% used [0x0000000795580000,0x0000000795580000,0x0000000795980000)
  from space 1536K, 71% used [0x0000000795980000,0x0000000795a92e20,0x0000000795b00000)
  to   space 1536K, 0% used [0x0000000795d80000,0x0000000795d80000,0x0000000795f00000)
 ParOldGen       total 129536K, used 8261K [0x0000000740000000, 0x0000000747e80000, 0x0000000795580000)
  object space 129536K, 6% used [0x0000000740000000,0x0000000740811790,0x0000000747e80000)
 Metaspace       used 7770K, capacity 7883K, committed 8064K, reserved 1056768K
  class space    used 830K, capacity 884K, committed 896K, reserved 1048576K
}
Event: 1.716 GC heap before
{Heap before GC invocations=10 (full 0):
 PSYoungGen      total 5632K, used 5195K [0x0000000795580000, 0x0000000795f00000, 0x00000007c0000000)
  eden space 4096K, 100% used [0x0000000795580000,0x0000000795980000,0x0000000795980000)
  from space 1536K, 71% used [0x0000000795980000,0x0000000795a92e20,0x0000000795b00000)
  to   space 1536K, 0% used [0x0000000795d80000,0x0000000795d80000,0x0000000795f00000)
 ParOldGen       total 129536K, used 17477K [0x0000000740000000, 0x0000000747e80000, 0x0000000795580000)
  object space 129536K, 13% used [0x0000000740000000,0x00000007411117c0,0x0000000747e80000)
 Metaspace       used 8856K, capacity 8981K, committed 9216K, reserved 1056768K
  class space    used 963K, capacity 1015K, committed 1024K, reserved 1048576K
Event: 1.719 GC heap after
Heap after GC invocations=10 (full 0):
 PSYoungGen      total 8192K, used 757K [0x0000000795580000, 0x0000000795f00000, 0x00000007c0000000)
  eden space 6656K, 0% used [0x0000000795580000,0x0000000795580000,0x0000000795c00000)
  from space 1536K, 49% used [0x0000000795d80000,0x0000000795e3d5c8,0x0000000795f00000)
  to   space 1536K, 0% used [0x0000000795c00000,0x0000000795c00000,0x0000000795d80000)
 ParOldGen       total 129536K, used 17911K [0x0000000740000000, 0x0000000747e80000, 0x0000000795580000)
  object space 129536K, 13% used [0x0000000740000000,0x000000074117de30,0x0000000747e80000)
 Metaspace       used 8856K, capacity 8981K, committed 9216K, reserved 1056768K
  class space    used 963K, capacity 1015K, committed 1024K, reserved 1048576K
}
Event: 1.750 GC heap before
{Heap before GC invocations=11 (full 0):
 PSYoungGen      total 8192K, used 7413K [0x0000000795580000, 0x0000000795f00000, 0x00000007c0000000)
  eden space 6656K, 100% used [0x0000000795580000,0x0000000795c00000,0x0000000795c00000)
  from space 1536K, 49% used [0x0000000795d80000,0x0000000795e3d5c8,0x0000000795f00000)
  to   space 1536K, 0% used [0x0000000795c00000,0x0000000795c00000,0x0000000795d80000)
 ParOldGen       total 129536K, used 17911K [0x0000000740000000, 0x0000000747e80000, 0x0000000795580000)
  object space 129536K, 13% used [0x0000000740000000,0x000000074117de30,0x0000000747e80000)
 Metaspace       used 8857K, capacity 8981K, committed 9216K, reserved 1056768K
  class space    used 963K, capacity 1015K, committed 1024K, reserved 1048576K
Event: 1.752 GC heap after
Heap after GC invocations=11 (full 0):
 PSYoungGen      total 8192K, used 0K [0x0000000795580000, 0x0000000796300000, 0x00000007c0000000)
  eden space 6656K, 0% used [0x0000000795580000,0x0000000795580000,0x0000000795c00000)
  from space 1536K, 0% used [0x0000000795c00000,0x0000000795c00000,0x0000000795d80000)
  to   space 1536K, 0% used [0x0000000796180000,0x0000000796180000,0x0000000796300000)
 ParOldGen       total 129536K, used 18613K [0x0000000740000000, 0x0000000747e80000, 0x0000000795580000)
  object space 129536K, 14% used [0x0000000740000000,0x000000074122d418,0x0000000747e80000)
 Metaspace       used 8857K, capacity 8981K, committed 9216K, reserved 1056768K
  class space    used 963K, capacity 1015K, committed 1024K, reserved 1048576K
}
Event: 1.770 GC heap before
{Heap before GC invocations=12 (full 0):
 PSYoungGen      total 8192K, used 6656K [0x0000000795580000, 0x0000000796300000, 0x00000007c0000000)
  eden space 6656K, 100% used [0x0000000795580000,0x0000000795c00000,0x0000000795c00000)
  from space 1536K, 0% used [0x0000000795c00000,0x0000000795c00000,0x0000000795d80000)
  to   space 1536K, 0% used [0x0000000796180000,0x0000000796180000,0x0000000796300000)
 ParOldGen       total 129536K, used 18613K [0x0000000740000000, 0x0000000747e80000, 0x0000000795580000)
  object space 129536K, 14% used [0x0000000740000000,0x000000074122d418,0x0000000747e80000)
 Metaspace       used 8857K, capacity 8981K, committed 9216K, reserved 1056768K
  class space    used 963K, capacity 1015K, committed 1024K, reserved 1048576K
Event: 1.771 GC heap after
Heap after GC invocations=12 (full 0):
 PSYoungGen      total 12288K, used 0K [0x0000000795580000, 0x0000000796300000, 0x00000007c0000000)
  eden space 10752K, 0% used [0x0000000795580000,0x0000000795580000,0x0000000796000000)
  from space 1536K, 0% used [0x0000000796180000,0x0000000796180000,0x0000000796300000)
  to   space 1536K, 0% used [0x0000000796000000,0x0000000796000000,0x0000000796180000)
 ParOldGen       total 129536K, used 18613K [0x0000000740000000, 0x0000000747e80000, 0x0000000795580000)
  object space 129536K, 14% used [0x0000000740000000,0x000000074122d418,0x0000000747e80000)
 Metaspace       used 8857K, capacity 8981K, committed 9216K, reserved 1056768K
  class space    used 963K, capacity 1015K, committed 1024K, reserved 1048576K
}
Event: 2.163 GC heap before
{Heap before GC invocations=13 (full 0):
 PSYoungGen      total 12288K, used 10752K [0x0000000795580000, 0x0000000796300000, 0x00000007c0000000)
  eden space 10752K, 100% used [0x0000000795580000,0x0000000796000000,0x0000000796000000)
  from space 1536K, 0% used [0x0000000796180000,0x0000000796180000,0x0000000796300000)
  to   space 1536K, 0% used [0x0000000796000000,0x0000000796000000,0x0000000796180000)
 ParOldGen       total 129536K, used 28517K [0x0000000740000000, 0x0000000747e80000, 0x0000000795580000)
  object space 129536K, 22% used [0x0000000740000000,0x0000000741bd94a8,0x0000000747e80000)
 Metaspace       used 9700K, capacity 9813K, committed 10112K, reserved 1058816K
  class space    used 1043K, capacity 1079K, committed 1152K, reserved 1048576K
Event: 2.165 GC heap after
Heap after GC invocations=13 (full 0):
 PSYoungGen      total 12288K, used 379K [0x0000000795580000, 0x0000000796980000, 0x00000007c0000000)
  eden space 10752K, 0% used [0x0000000795580000,0x0000000795580000,0x0000000796000000)
  from space 1536K, 24% used [0x0000000796000000,0x000000079605efb0,0x0000000796180000)
  to   space 1536K, 0% used [0x0000000796800000,0x0000000796800000,0x0000000796980000)
 ParOldGen       total 129536K, used 28525K [0x0000000740000000, 0x0000000747e80000, 0x0000000795580000)
  object space 129536K, 22% used [0x0000000740000000,0x0000000741bdb4a8,0x0000000747e80000)
 Metaspace       used 9700K, capacity 9813K, committed 10112K, reserved 1058816K
  class space    used 1043K, capacity 1079K, committed 1152K, reserved 1048576K
}

