# JRE version: Java(TM) SE Runtime Environment (8.0_11-b12) (build 1.8.0_11-b12)
# Java VM: Java HotSpot(TM) 64-Bit Server VM (25.11-b03 mixed mode bsd-amd64 compressed oops)
Heap:
 PSYoungGen      total 19456K, used 7770K [0x0000000795580000, 0x0000000796a80000, 0x00000007c0000000)
  eden space 17408K, 35% used [0x0000000795580000,0x0000000795b8fad0,0x0000000796680000)
  from space 2048K, 76% used [0x0000000796880000,0x0000000796a06fc0,0x0000000796a80000)
  to   space 2048K, 0% used [0x0000000796680000,0x0000000796680000,0x0000000796880000)
 ParOldGen       total 129536K, used 67802K [0x0000000740000000, 0x0000000747e80000, 0x0000000795580000)
  object space 129536K, 52% used [0x0000000740000000,0x0000000744236a50,0x0000000747e80000)
 Metaspace       used 11481K, capacity 11557K, committed 11776K, reserved 1060864K
  class space    used 1220K, capacity 1271K, committed 1280K, reserved 1048576K
GC Heap History (10 events):
Event: 1.684 GC heap before
{Heap before GC invocations=10 (full 0):
 PSYoungGen      total 5632K, used 5191K [0x0000000795580000, 0x0000000796000000, 0x00000007c0000000)
  eden space 4096K, 100% used [0x0000000795580000,0x0000000795980000,0x0000000795980000)
  from space 1536K, 71% used [0x0000000795980000,0x0000000795a91eb8,0x0000000795b00000)
  to   space 2048K, 0% used [0x0000000795e00000,0x0000000795e00000,0x0000000796000000)
 ParOldGen       total 129536K, used 8353K [0x0000000740000000, 0x0000000747e80000, 0x0000000795580000)
  object space 129536K, 6% used [0x0000000740000000,0x0000000740828758,0x0000000747e80000)
 Metaspace       used 8565K, capacity 8709K, committed 8960K, reserved 1056768K
  class space    used 917K, capacity 983K, committed 1024K, reserved 1048576K
Event: 1.694 GC heap after
Heap after GC invocations=10 (full 0):
 PSYoungGen      total 8704K, used 288K [0x0000000795580000, 0x0000000796000000, 0x00000007c0000000)
  eden space 6656K, 0% used [0x0000000795580000,0x0000000795580000,0x0000000795c00000)
  from space 2048K, 14% used [0x0000000795e00000,0x0000000795e48000,0x0000000796000000)
  to   space 2048K, 0% used [0x0000000795c00000,0x0000000795c00000,0x0000000795e00000)
 ParOldGen       total 129536K, used 18445K [0x0000000740000000, 0x0000000747e80000, 0x0000000795580000)
  object space 129536K, 14% used [0x0000000740000000,0x0000000741203530,0x0000000747e80000)
 Metaspace       used 8565K, capacity 8709K, committed 8960K, reserved 1056768K
  class space    used 917K, capacity 983K, committed 1024K, reserved 1048576K
}
Event: 1.834 GC heap before
{Heap before GC invocations=11 (full 0):
 PSYoungGen      total 8704K, used 6944K [0x0000000795580000, 0x0000000796000000, 0x00000007c0000000)
  eden space 6656K, 100% used [0x0000000795580000,0x0000000795c00000,0x0000000795c00000)
  from space 2048K, 14% used [0x0000000795e00000,0x0000000795e48000,0x0000000796000000)
  to   space 2048K, 0% used [0x0000000795c00000,0x0000000795c00000,0x0000000795e00000)
 ParOldGen       total 129536K, used 18445K [0x0000000740000000, 0x0000000747e80000, 0x0000000795580000)
  object space 129536K, 14% used [0x0000000740000000,0x0000000741203530,0x0000000747e80000)
 Metaspace       used 8839K, capacity 8997K, committed 9216K, reserved 1056768K
  class space    used 961K, capacity 1015K, committed 1024K, reserved 1048576K
Event: 1.857 GC heap after
Heap after GC invocations=11 (full 0):
 PSYoungGen      total 8704K, used 192K [0x0000000795580000, 0x0000000796400000, 0x00000007c0000000)
  eden space 6656K, 0% used [0x0000000795580000,0x0000000795580000,0x0000000795c00000)
  from space 2048K, 9% used [0x0000000795c00000,0x0000000795c30000,0x0000000795e00000)
  to   space 2048K, 0% used [0x0000000796200000,0x0000000796200000,0x0000000796400000)
 ParOldGen       total 129536K, used 40133K [0x0000000740000000, 0x0000000747e80000, 0x0000000795580000)
  object space 129536K, 30% used [0x0000000740000000,0x00000007427315a0,0x0000000747e80000)
 Metaspace       used 8839K, capacity 8997K, committed 9216K, reserved 1056768K
  class space    used 961K, capacity 1015K, committed 1024K, reserved 1048576K
}
Event: 1.896 GC heap before
{Heap before GC invocations=12 (full 0):
 PSYoungGen      total 8704K, used 6848K [0x0000000795580000, 0x0000000796400000, 0x00000007c0000000)
  eden space 6656K, 100% used [0x0000000795580000,0x0000000795c00000,0x0000000795c00000)
  from space 2048K, 9% used [0x0000000795c00000,0x0000000795c30000,0x0000000795e00000)
  to   space 2048K, 0% used [0x0000000796200000,0x0000000796200000,0x0000000796400000)
 ParOldGen       total 129536K, used 40133K [0x0000000740000000, 0x0000000747e80000, 0x0000000795580000)
  object space 129536K, 30% used [0x0000000740000000,0x00000007427315a0,0x0000000747e80000)
 Metaspace       used 8840K, capacity 8997K, committed 9216K, reserved 1056768K
  class space    used 961K, capacity 1015K, committed 1024K, reserved 1048576K
Event: 1.899 GC heap after
Heap after GC invocations=12 (full 0):
 PSYoungGen      total 12800K, used 0K [0x0000000795580000, 0x0000000796400000, 0x00000007c0000000)
  eden space 10752K, 0% used [0x0000000795580000,0x0000000795580000,0x0000000796000000)
  from space 2048K, 0% used [0x0000000796200000,0x0000000796200000,0x0000000796400000)
  to   space 2048K, 0% used [0x0000000796000000,0x0000000796000000,0x0000000796200000)
 ParOldGen       total 129536K, used 40213K [0x0000000740000000, 0x0000000747e80000, 0x0000000795580000)
  object space 129536K, 31% used [0x0000000740000000,0x00000007427455a0,0x0000000747e80000)
 Metaspace       used 8840K, capacity 8997K, committed 9216K, reserved 1056768K
  class space    used 961K, capacity 1015K, committed 1024K, reserved 1048576K
}
Event: 1.934 GC heap before
{Heap before GC invocations=13 (full 0):
 PSYoungGen      total 12800K, used 10752K [0x0000000795580000, 0x0000000796400000, 0x00000007c0000000)
  eden space 10752K, 100% used [0x0000000795580000,0x0000000796000000,0x0000000796000000)
  from space 2048K, 0% used [0x0000000796200000,0x0000000796200000,0x0000000796400000)
  to   space 2048K, 0% used [0x0000000796000000,0x0000000796000000,0x0000000796200000)
 ParOldGen       total 129536K, used 40213K [0x0000000740000000, 0x0000000747e80000, 0x0000000795580000)
  object space 129536K, 31% used [0x0000000740000000,0x00000007427455a0,0x0000000747e80000)
 Metaspace       used 8840K, capacity 8997K, committed 9216K, reserved 1056768K
  class space    used 961K, capacity 1015K, committed 1024K, reserved 1048576K
Event: 1.935 GC heap after
Heap after GC invocations=13 (full 0):
 PSYoungGen      total 12800K, used 0K [0x0000000795580000, 0x0000000796a80000, 0x00000007c0000000)
  eden space 10752K, 0% used [0x0000000795580000,0x0000000795580000,0x0000000796000000)
  from space 2048K, 0% used [0x0000000796000000,0x0000000796000000,0x0000000796200000)
  to   space 2048K, 0% used [0x0000000796880000,0x0000000796880000,0x0000000796a80000)
 ParOldGen       total 129536K, used 40213K [0x0000000740000000, 0x0000000747e80000, 0x0000000795580000)
  object space 129536K, 31% used [0x0000000740000000,0x00000007427455a0,0x0000000747e80000)
 Metaspace       used 8840K, capacity 8997K, committed 9216K, reserved 1056768K
  class space    used 961K, capacity 1015K, committed 1024K, reserved 1048576K
}
Event: 2.837 GC heap before
{Heap before GC invocations=14 (full 0):
 PSYoungGen      total 12800K, used 10752K [0x0000000795580000, 0x0000000796a80000, 0x00000007c0000000)
  eden space 10752K, 100% used [0x0000000795580000,0x0000000796000000,0x0000000796000000)
  from space 2048K, 0% used [0x0000000796000000,0x0000000796000000,0x0000000796200000)
  to   space 2048K, 0% used [0x0000000796880000,0x0000000796880000,0x0000000796a80000)
 ParOldGen       total 129536K, used 67730K [0x0000000740000000, 0x0000000747e80000, 0x0000000795580000)
  object space 129536K, 52% used [0x0000000740000000,0x0000000744224a40,0x0000000747e80000)
 Metaspace       used 10924K, capacity 10981K, committed 11264K, reserved 1058816K
  class space    used 1185K, capacity 1207K, committed 1280K, reserved 1048576K
Event: 2.840 GC heap after
Heap after GC invocations=14 (full 0):
 PSYoungGen      total 19456K, used 1563K [0x0000000795580000, 0x0000000796a80000, 0x00000007c0000000)
  eden space 17408K, 0% used [0x0000000795580000,0x0000000795580000,0x0000000796680000)
  from space 2048K, 76% used [0x0000000796880000,0x0000000796a06fc0,0x0000000796a80000)
  to   space 2048K, 0% used [0x0000000796680000,0x0000000796680000,0x0000000796880000)
 ParOldGen       total 129536K, used 67802K [0x0000000740000000, 0x0000000747e80000, 0x0000000795580000)
  object space 129536K, 52% used [0x0000000740000000,0x0000000744236a50,0x0000000747e80000)
 Metaspace       used 10924K, capacity 10981K, committed 11264K, reserved 1058816K
  class space    used 1185K, capacity 1207K, committed 1280K, reserved 1048576K
}

