# JRE version: Java(TM) SE Runtime Environment (8.0_11-b12) (build 1.8.0_11-b12)
# Java VM: Java HotSpot(TM) 64-Bit Server VM (25.11-b03 mixed mode bsd-amd64 compressed oops)
Heap:
 PSYoungGen      total 14336K, used 12577K [0x0000000795580000, 0x0000000796680000, 0x00000007c0000000)
  eden space 12800K, 98% used [0x0000000795580000,0x00000007961c8760,0x0000000796200000)
  from space 1536K, 0% used [0x0000000796400000,0x0000000796400000,0x0000000796580000)
  to   space 2048K, 0% used [0x0000000796200000,0x0000000796200000,0x0000000796400000)
 ParOldGen       total 129536K, used 46141K [0x0000000740000000, 0x0000000747e80000, 0x0000000795580000)
  object space 129536K, 35% used [0x0000000740000000,0x0000000742d0f5e0,0x0000000747e80000)
 Metaspace       used 10655K, capacity 10821K, committed 11008K, reserved 1058816K
  class space    used 1137K, capacity 1175K, committed 1280K, reserved 1048576K
GC Heap History (10 events):
Event: 0.929 GC heap before
{Heap before GC invocations=6 (full 0):
 PSYoungGen      total 2560K, used 2559K [0x0000000795580000, 0x0000000795c80000, 0x00000007c0000000)
  eden space 2048K, 100% used [0x0000000795580000,0x0000000795780000,0x0000000795780000)
  from space 512K, 99% used [0x0000000795780000,0x00000007957ffc10,0x0000000795800000)
  to   space 1536K, 0% used [0x0000000795b00000,0x0000000795b00000,0x0000000795c80000)
 ParOldGen       total 129536K, used 1123K [0x0000000740000000, 0x0000000747e80000, 0x0000000795580000)
  object space 129536K, 0% used [0x0000000740000000,0x0000000740118d48,0x0000000747e80000)
 Metaspace       used 6459K, capacity 6551K, committed 6656K, reserved 1056768K
  class space    used 662K, capacity 690K, committed 768K, reserved 1048576K
Event: 0.931 GC heap after
Heap after GC invocations=6 (full 0):
 PSYoungGen      total 5632K, used 1076K [0x0000000795580000, 0x0000000795c80000, 0x00000007c0000000)
  eden space 4096K, 0% used [0x0000000795580000,0x0000000795580000,0x0000000795980000)
  from space 1536K, 70% used [0x0000000795b00000,0x0000000795c0d2f8,0x0000000795c80000)
  to   space 1536K, 0% used [0x0000000795980000,0x0000000795980000,0x0000000795b00000)
 ParOldGen       total 129536K, used 1123K [0x0000000740000000, 0x0000000747e80000, 0x0000000795580000)
  object space 129536K, 0% used [0x0000000740000000,0x0000000740118d48,0x0000000747e80000)
 Metaspace       used 6459K, capacity 6551K, committed 6656K, reserved 1056768K
  class space    used 662K, capacity 690K, committed 768K, reserved 1048576K
}
Event: 1.143 GC heap before
{Heap before GC invocations=7 (full 0):
 PSYoungGen      total 5632K, used 5172K [0x0000000795580000, 0x0000000795c80000, 0x00000007c0000000)
  eden space 4096K, 100% used [0x0000000795580000,0x0000000795980000,0x0000000795980000)
  from space 1536K, 70% used [0x0000000795b00000,0x0000000795c0d2f8,0x0000000795c80000)
  to   space 1536K, 0% used [0x0000000795980000,0x0000000795980000,0x0000000795b00000)
 ParOldGen       total 129536K, used 1123K [0x0000000740000000, 0x0000000747e80000, 0x0000000795580000)
  object space 129536K, 0% used [0x0000000740000000,0x0000000740118d48,0x0000000747e80000)
 Metaspace       used 7763K, capacity 7899K, committed 8064K, reserved 1056768K
  class space    used 830K, capacity 884K, committed 896K, reserved 1048576K
Event: 1.151 GC heap after
Heap after GC invocations=7 (full 0):
 PSYoungGen      total 5632K, used 1245K [0x0000000795580000, 0x0000000796080000, 0x00000007c0000000)
  eden space 4096K, 0% used [0x0000000795580000,0x0000000795580000,0x0000000795980000)
  from space 1536K, 81% used [0x0000000795980000,0x0000000795ab7710,0x0000000795b00000)
  to   space 1536K, 0% used [0x0000000795f00000,0x0000000795f00000,0x0000000796080000)
 ParOldGen       total 129536K, used 8187K [0x0000000740000000, 0x0000000747e80000, 0x0000000795580000)
  object space 129536K, 6% used [0x0000000740000000,0x00000007407fed88,0x0000000747e80000)
 Metaspace       used 7763K, capacity 7899K, committed 8064K, reserved 1056768K
  class space    used 830K, capacity 884K, committed 896K, reserved 1048576K
}
Event: 1.495 GC heap before
{Heap before GC invocations=8 (full 0):
 PSYoungGen      total 5632K, used 5341K [0x0000000795580000, 0x0000000796080000, 0x00000007c0000000)
  eden space 4096K, 100% used [0x0000000795580000,0x0000000795980000,0x0000000795980000)
  from space 1536K, 81% used [0x0000000795980000,0x0000000795ab7710,0x0000000795b00000)
  to   space 1536K, 0% used [0x0000000795f00000,0x0000000795f00000,0x0000000796080000)
 ParOldGen       total 129536K, used 17403K [0x0000000740000000, 0x0000000747e80000, 0x0000000795580000)
  object space 129536K, 13% used [0x0000000740000000,0x00000007410fedb8,0x0000000747e80000)
 Metaspace       used 8835K, capacity 8997K, committed 9216K, reserved 1056768K
  class space    used 962K, capacity 1015K, committed 1024K, reserved 1048576K
Event: 1.499 GC heap after
Heap after GC invocations=8 (full 0):
 PSYoungGen      total 9728K, used 1163K [0x0000000795580000, 0x0000000796080000, 0x00000007c0000000)
  eden space 8192K, 0% used [0x0000000795580000,0x0000000795580000,0x0000000795d80000)
  from space 1536K, 75% used [0x0000000795f00000,0x0000000796022e20,0x0000000796080000)
  to   space 1536K, 0% used [0x0000000795d80000,0x0000000795d80000,0x0000000795f00000)
 ParOldGen       total 129536K, used 17507K [0x0000000740000000, 0x0000000747e80000, 0x0000000795580000)
  object space 129536K, 13% used [0x0000000740000000,0x0000000741118db8,0x0000000747e80000)
 Metaspace       used 8835K, capacity 8997K, committed 9216K, reserved 1056768K
  class space    used 962K, capacity 1015K, committed 1024K, reserved 1048576K
}
Event: 1.566 GC heap before
{Heap before GC invocations=9 (full 0):
 PSYoungGen      total 9728K, used 9355K [0x0000000795580000, 0x0000000796080000, 0x00000007c0000000)
  eden space 8192K, 100% used [0x0000000795580000,0x0000000795d80000,0x0000000795d80000)
  from space 1536K, 75% used [0x0000000795f00000,0x0000000796022e20,0x0000000796080000)
  to   space 1536K, 0% used [0x0000000795d80000,0x0000000795d80000,0x0000000795f00000)
 ParOldGen       total 129536K, used 17507K [0x0000000740000000, 0x0000000747e80000, 0x0000000795580000)
  object space 129536K, 13% used [0x0000000740000000,0x0000000741118db8,0x0000000747e80000)
 Metaspace       used 8836K, capacity 8997K, committed 9216K, reserved 1056768K
  class space    used 962K, capacity 1015K, committed 1024K, reserved 1048576K
Event: 1.569 GC heap after
Heap after GC invocations=9 (full 0):
 PSYoungGen      total 9728K, used 789K [0x0000000795580000, 0x0000000796580000, 0x00000007c0000000)
  eden space 8192K, 0% used [0x0000000795580000,0x0000000795580000,0x0000000795d80000)
  from space 1536K, 51% used [0x0000000795d80000,0x0000000795e455c8,0x0000000795f00000)
  to   space 1536K, 0% used [0x0000000796400000,0x0000000796400000,0x0000000796580000)
 ParOldGen       total 129536K, used 17890K [0x0000000740000000, 0x0000000747e80000, 0x0000000795580000)
  object space 129536K, 13% used [0x0000000740000000,0x0000000741178b48,0x0000000747e80000)
 Metaspace       used 8836K, capacity 8997K, committed 9216K, reserved 1056768K
  class space    used 962K, capacity 1015K, committed 1024K, reserved 1048576K
}
Event: 1.600 GC heap before
{Heap before GC invocations=10 (full 0):
 PSYoungGen      total 9728K, used 8981K [0x0000000795580000, 0x0000000796580000, 0x00000007c0000000)
  eden space 8192K, 100% used [0x0000000795580000,0x0000000795d80000,0x0000000795d80000)
  from space 1536K, 51% used [0x0000000795d80000,0x0000000795e455c8,0x0000000795f00000)
  to   space 1536K, 0% used [0x0000000796400000,0x0000000796400000,0x0000000796580000)
 ParOldGen       total 129536K, used 17890K [0x0000000740000000, 0x0000000747e80000, 0x0000000795580000)
  object space 129536K, 13% used [0x0000000740000000,0x0000000741178b48,0x0000000747e80000)
 Metaspace       used 8836K, capacity 8997K, committed 9216K, reserved 1056768K
  class space    used 962K, capacity 1015K, committed 1024K, reserved 1048576K
Event: 1.603 GC heap after
Heap after GC invocations=10 (full 0):
 PSYoungGen      total 14336K, used 0K [0x0000000795580000, 0x0000000796680000, 0x00000007c0000000)
  eden space 12800K, 0% used [0x0000000795580000,0x0000000795580000,0x0000000796200000)
  from space 1536K, 0% used [0x0000000796400000,0x0000000796400000,0x0000000796580000)
  to   space 2048K, 0% used [0x0000000796200000,0x0000000796200000,0x0000000796400000)
 ParOldGen       total 129536K, used 18624K [0x0000000740000000, 0x0000000747e80000, 0x0000000795580000)
  object space 129536K, 14% used [0x0000000740000000,0x0000000741230140,0x0000000747e80000)
 Metaspace       used 8836K, capacity 8997K, committed 9216K, reserved 1056768K
  class space    used 962K, capacity 1015K, committed 1024K, reserved 1048576K
}

