# JRE version: Java(TM) SE Runtime Environment (8.0_11-b12) (build 1.8.0_11-b12)
# Java VM: Java HotSpot(TM) 64-Bit Server VM (25.11-b03 mixed mode bsd-amd64 compressed oops)
Heap:
 PSYoungGen      total 13824K, used 7155K [0x0000000795580000, 0x0000000796c00000, 0x00000007c0000000)
  eden space 11776K, 60% used [0x0000000795580000,0x0000000795c7cfd0,0x0000000796100000)
  from space 2048K, 0% used [0x0000000796100000,0x0000000796100000,0x0000000796300000)
  to   space 2048K, 0% used [0x0000000796a00000,0x0000000796a00000,0x0000000796c00000)
 ParOldGen       total 129536K, used 63149K [0x0000000740000000, 0x0000000747e80000, 0x0000000795580000)
  object space 129536K, 48% used [0x0000000740000000,0x0000000743dab5d8,0x0000000747e80000)
 Metaspace       used 10608K, capacity 10757K, committed 11008K, reserved 1058816K
  class space    used 1143K, capacity 1175K, committed 1280K, reserved 1048576K
GC Heap History (10 events):
Event: 2.174 GC heap before
{Heap before GC invocations=7 (full 0):
 PSYoungGen      total 5632K, used 5277K [0x0000000795580000, 0x0000000795c80000, 0x00000007c0000000)
  eden space 4096K, 100% used [0x0000000795580000,0x0000000795980000,0x0000000795980000)
  from space 1536K, 76% used [0x0000000795b00000,0x0000000795c27620,0x0000000795c80000)
  to   space 1536K, 0% used [0x0000000795980000,0x0000000795980000,0x0000000795b00000)
 ParOldGen       total 129536K, used 3400K [0x0000000740000000, 0x0000000747e80000, 0x0000000795580000)
  object space 129536K, 2% used [0x0000000740000000,0x00000007403523f0,0x0000000747e80000)
 Metaspace       used 7800K, capacity 7899K, committed 8064K, reserved 1056768K
  class space    used 831K, capacity 884K, committed 896K, reserved 1048576K
Event: 2.178 GC heap after
Heap after GC invocations=7 (full 0):
 PSYoungGen      total 5632K, used 1323K [0x0000000795580000, 0x0000000796080000, 0x00000007c0000000)
  eden space 4096K, 0% used [0x0000000795580000,0x0000000795580000,0x0000000795980000)
  from space 1536K, 86% used [0x0000000795980000,0x0000000795acae20,0x0000000795b00000)
  to   space 1536K, 0% used [0x0000000795f00000,0x0000000795f00000,0x0000000796080000)
 ParOldGen       total 129536K, used 3569K [0x0000000740000000, 0x0000000747e80000, 0x0000000795580000)
  object space 129536K, 2% used [0x0000000740000000,0x000000074037c430,0x0000000747e80000)
 Metaspace       used 7800K, capacity 7899K, committed 8064K, reserved 1056768K
  class space    used 831K, capacity 884K, committed 896K, reserved 1048576K
}
Event: 2.223 GC heap before
{Heap before GC invocations=8 (full 0):
 PSYoungGen      total 5632K, used 5419K [0x0000000795580000, 0x0000000796080000, 0x00000007c0000000)
  eden space 4096K, 100% used [0x0000000795580000,0x0000000795980000,0x0000000795980000)
  from space 1536K, 86% used [0x0000000795980000,0x0000000795acae20,0x0000000795b00000)
  to   space 1536K, 0% used [0x0000000795f00000,0x0000000795f00000,0x0000000796080000)
 ParOldGen       total 129536K, used 3569K [0x0000000740000000, 0x0000000747e80000, 0x0000000795580000)
  object space 129536K, 2% used [0x0000000740000000,0x000000074037c430,0x0000000747e80000)
 Metaspace       used 8039K, capacity 8187K, committed 8448K, reserved 1056768K
  class space    used 852K, capacity 916K, committed 1024K, reserved 1048576K
Event: 2.233 GC heap after
Heap after GC invocations=8 (full 0):
 PSYoungGen      total 9216K, used 1127K [0x0000000795580000, 0x0000000796180000, 0x00000007c0000000)
  eden space 7680K, 0% used [0x0000000795580000,0x0000000795580000,0x0000000795d00000)
  from space 1536K, 73% used [0x0000000795f00000,0x0000000796019eb8,0x0000000796080000)
  to   space 2048K, 0% used [0x0000000795d00000,0x0000000795d00000,0x0000000795f00000)
 ParOldGen       total 129536K, used 12937K [0x0000000740000000, 0x0000000747e80000, 0x0000000795580000)
  object space 129536K, 9% used [0x0000000740000000,0x0000000740ca2470,0x0000000747e80000)
 Metaspace       used 8039K, capacity 8187K, committed 8448K, reserved 1056768K
  class space    used 852K, capacity 916K, committed 1024K, reserved 1048576K
}
Event: 2.415 GC heap before
{Heap before GC invocations=9 (full 0):
 PSYoungGen      total 9216K, used 8807K [0x0000000795580000, 0x0000000796180000, 0x00000007c0000000)
  eden space 7680K, 100% used [0x0000000795580000,0x0000000795d00000,0x0000000795d00000)
  from space 1536K, 73% used [0x0000000795f00000,0x0000000796019eb8,0x0000000796080000)
  to   space 2048K, 0% used [0x0000000795d00000,0x0000000795d00000,0x0000000795f00000)
 ParOldGen       total 129536K, used 12937K [0x0000000740000000, 0x0000000747e80000, 0x0000000795580000)
  object space 129536K, 9% used [0x0000000740000000,0x0000000740ca2470,0x0000000747e80000)
 Metaspace       used 8867K, capacity 8997K, committed 9216K, reserved 1056768K
  class space    used 963K, capacity 1015K, committed 1024K, reserved 1048576K
Event: 2.433 GC heap after
Heap after GC invocations=9 (full 0):
 PSYoungGen      total 9728K, used 757K [0x0000000795580000, 0x0000000796480000, 0x00000007c0000000)
  eden space 7680K, 0% used [0x0000000795580000,0x0000000795580000,0x0000000795d00000)
  from space 2048K, 36% used [0x0000000795d00000,0x0000000795dbd5c8,0x0000000795f00000)
  to   space 1536K, 0% used [0x0000000796300000,0x0000000796300000,0x0000000796480000)
 ParOldGen       total 129536K, used 34890K [0x0000000740000000, 0x0000000747e80000, 0x0000000795580000)
  object space 129536K, 26% used [0x0000000740000000,0x0000000742212b50,0x0000000747e80000)
 Metaspace       used 8867K, capacity 8997K, committed 9216K, reserved 1056768K
  class space    used 963K, capacity 1015K, committed 1024K, reserved 1048576K
}
Event: 2.474 GC heap before
{Heap before GC invocations=10 (full 0):
 PSYoungGen      total 9728K, used 8437K [0x0000000795580000, 0x0000000796480000, 0x00000007c0000000)
  eden space 7680K, 100% used [0x0000000795580000,0x0000000795d00000,0x0000000795d00000)
  from space 2048K, 36% used [0x0000000795d00000,0x0000000795dbd5c8,0x0000000795f00000)
  to   space 1536K, 0% used [0x0000000796300000,0x0000000796300000,0x0000000796480000)
 ParOldGen       total 129536K, used 34890K [0x0000000740000000, 0x0000000747e80000, 0x0000000795580000)
  object space 129536K, 26% used [0x0000000740000000,0x0000000742212b50,0x0000000747e80000)
 Metaspace       used 8868K, capacity 8997K, committed 9216K, reserved 1056768K
  class space    used 963K, capacity 1015K, committed 1024K, reserved 1048576K
Event: 2.476 GC heap after
Heap after GC invocations=10 (full 0):
 PSYoungGen      total 13312K, used 192K [0x0000000795580000, 0x0000000796580000, 0x00000007c0000000)
  eden space 11776K, 0% used [0x0000000795580000,0x0000000795580000,0x0000000796100000)
  from space 1536K, 12% used [0x0000000796300000,0x0000000796330000,0x0000000796480000)
  to   space 2048K, 0% used [0x0000000796100000,0x0000000796100000,0x0000000796300000)
 ParOldGen       total 129536K, used 35512K [0x0000000740000000, 0x0000000747e80000, 0x0000000795580000)
  object space 129536K, 27% used [0x0000000740000000,0x00000007422ae138,0x0000000747e80000)
 Metaspace       used 8868K, capacity 8997K, committed 9216K, reserved 1056768K
  class space    used 963K, capacity 1015K, committed 1024K, reserved 1048576K
}
Event: 2.511 GC heap before
{Heap before GC invocations=11 (full 0):
 PSYoungGen      total 13312K, used 11968K [0x0000000795580000, 0x0000000796580000, 0x00000007c0000000)
  eden space 11776K, 100% used [0x0000000795580000,0x0000000796100000,0x0000000796100000)
  from space 1536K, 12% used [0x0000000796300000,0x0000000796330000,0x0000000796480000)
  to   space 2048K, 0% used [0x0000000796100000,0x0000000796100000,0x0000000796300000)
 ParOldGen       total 129536K, used 35512K [0x0000000740000000, 0x0000000747e80000, 0x0000000795580000)
  object space 129536K, 27% used [0x0000000740000000,0x00000007422ae138,0x0000000747e80000)
 Metaspace       used 8868K, capacity 8997K, committed 9216K, reserved 1056768K
  class space    used 963K, capacity 1015K, committed 1024K, reserved 1048576K
Event: 2.512 GC heap after
Heap after GC invocations=11 (full 0):
 PSYoungGen      total 13824K, used 0K [0x0000000795580000, 0x0000000796c00000, 0x00000007c0000000)
  eden space 11776K, 0% used [0x0000000795580000,0x0000000795580000,0x0000000796100000)
  from space 2048K, 0% used [0x0000000796100000,0x0000000796100000,0x0000000796300000)
  to   space 2048K, 0% used [0x0000000796a00000,0x0000000796a00000,0x0000000796c00000)
 ParOldGen       total 129536K, used 35632K [0x0000000740000000, 0x0000000747e80000, 0x0000000795580000)
  object space 129536K, 27% used [0x0000000740000000,0x00000007422cc138,0x0000000747e80000)
 Metaspace       used 8868K, capacity 8997K, committed 9216K, reserved 1056768K
  class space    used 963K, capacity 1015K, committed 1024K, reserved 1048576K
}

